#
# A fatal error has been detected by the Java Runtime Environment:
#
#  SIGSEGV (0xb) at pc=0x00007f37bda30783, pid=9447, tid=0x00007f37d6ec5700
#
# JRE version: OpenJDK Runtime Environment (8.0_09-b01) (build 1.8.0_265-8u265-b01-0ubuntu2~18.04-b01)
# Java VM: Dynamic Code Evolution 64-Bit Server VM (25.71-b01-dcevmlight-26 mixed mode linux-amd64 compressed oops)
# Problematic frame:
# C  [libglfw.so+0xe783]  glfwDestroyWindow+0xa3
#
# Failed to write core dump. Core dumps have been disabled. To enable core dumping, try "ulimit -c unlimited" before starting Java again
#
# If you would like to submit a bug report, please visit:
#   https://github.com/dcevm/dcevm/issues
# The crash happened outside the Java Virtual Machine in native code.
# See problematic frame for where to report the bug.
#

---------------  T H R E A D  ---------------

Current thread (0x00007f37d000d000):  JavaThread "main" [_thread_in_native, id=9448, stack(0x00007f37d6dc6000,0x00007f37d6ec6000)]

siginfo: si_signo: 11 (SIGSEGV), si_code: 1 (SEGV_MAPERR), si_addr: 0x0000000000000000

Registers:
RAX=0x0000000000000001, RBX=0x00007f37d05c1b40, RCX=0x0000000000000000, RDX=0x0000000000000000
RSP=0x00007f37d6ec4710, RBP=0x00007f37bdc66260, RSI=0x0000000000000000, RDI=0x00007f37d04e0110
R8 =0x0000000000000000, R9 =0x000000000000001c, R10=0x0000000000000007, R11=0x0000000000000000
R12=0x0000000000000000, R13=0x00007f37d6ec4788, R14=0x00007f37d6ec4760, R15=0x00007f37d000d000
RIP=0x00007f37bda30783, EFLAGS=0x0000000000010202, CSGSFS=0x002b000000000033, ERR=0x0000000000000004
  TRAPNO=0x000000000000000e

Top of Stack: (sp=0x00007f37d6ec4710)
0x00007f37d6ec4710:   0000000000000000 00007f37bffbaf48
0x00007f37d6ec4720:   00007f37d6ec4770 00007f37c0d28f36
0x00007f37d6ec4730:   00007f37d6ec47c0 00007f37c09d2b10
0x00007f37d6ec4740:   00000000884d0e18 00007f37c09dc277
0x00007f37d6ec4750:   00007f37bda2c5c0 00007f37bda2c5c0
0x00007f37d6ec4760:   00000000884d0e18 0000000000000010
0x00007f37d6ec4770:   00007f37d6ec47e8 00007f37c09d2ffd
0x00007f37d6ec4780:   00007f37c09d2ffd 00007f37bda306e0
0x00007f37d6ec4790:   00007f37d6ec4810 00007f37d05c1b40
0x00007f37d6ec47a0:   0000000000000000 00007f37d6ec47a8
0x00007f37d6ec47b0:   00007f37bfde10ae 00007f37d6ec4810
0x00007f37d6ec47c0:   00007f37bfdf4cb8 0000000000000000
0x00007f37d6ec47d0:   00007f37bfde10e0 00007f37d6ec4788
0x00007f37d6ec47e0:   00007f37d6ec4808 00007f37d6ec4858
0x00007f37d6ec47f0:   00007f37c09d2ffd 00007f37bda306e0
0x00007f37d6ec4800:   0000000000000000 00007f37d05c1b40
0x00007f37d6ec4810:   000000008a0c4e18 00007f37d6ec4818
0x00007f37d6ec4820:   00007f37bfd21feb 00007f37d6ec4868
0x00007f37d6ec4830:   00007f37bfd224a0 0000000000000000
0x00007f37d6ec4840:   00007f37bfd22010 00007f37d6ec4808
0x00007f37d6ec4850:   00007f37d6ec4868 00007f37d6ec48b0
0x00007f37d6ec4860:   00007f37c09d2ffd 000000008a0c4e18
0x00007f37d6ec4870:   00007f37d6ec4870 00007f37bfd212df
0x00007f37d6ec4880:   00007f37d6ec48c0 00007f37bfd21468
0x00007f37d6ec4890:   0000000000000000 00007f37bfd212f8
0x00007f37d6ec48a0:   00007f37d6ec4868 00007f37d6ec48c8
0x00007f37d6ec48b0:   00007f37d6ec4908 00007f37c09d2ffd
0x00007f37d6ec48c0:   000000008a0c4e18 00007f37d6ec48c8
0x00007f37d6ec48d0:   00007f37bfd21390 00007f37d6ec4918
0x00007f37d6ec48e0:   00007f37bfd21468 0000000000000000
0x00007f37d6ec48f0:   00007f37bfd21398 00007f37d6ec48c8
0x00007f37d6ec4900:   00007f37d6ec4918 00007f37d6ec4980 

Instructions: (pc=0x00007f37bda30783)
0x00007f37bda30763:   e8 98 6b 00 00 48 8b 95 f0 03 00 00 48 39 d3 75
0x00007f37bda30773:   0f e9 b7 00 00 00 0f 1f 80 00 00 00 00 48 89 c2
0x00007f37bda30783:   48 8b 02 48 39 c3 75 f5 48 8b 03 48 89 df 48 89
0x00007f37bda30793:   02 48 83 c4 08 5b 5d e9 21 88 ff ff 90 c6 07 00 

Register to memory mapping:

RAX=0x0000000000000001 is an unknown value
RBX=0x00007f37d05c1b40 is an unknown value
RCX=0x0000000000000000 is an unknown value
RDX=0x0000000000000000 is an unknown value
RSP=0x00007f37d6ec4710 is pointing into the stack for thread: 0x00007f37d000d000
RBP=0x00007f37bdc66260: <offset 0x244260> in /tmp/lwjglrage/3.2.3-build-13/libglfw.so at 0x00007f37bda22000
RSI=0x0000000000000000 is an unknown value
RDI=0x00007f37d04e0110 is an unknown value
R8 =0x0000000000000000 is an unknown value
R9 =0x000000000000001c is an unknown value
R10=0x0000000000000007 is an unknown value
R11=0x0000000000000000 is an unknown value
R12=0x0000000000000000 is an unknown value
R13=0x00007f37d6ec4788 is pointing into the stack for thread: 0x00007f37d000d000
R14=0x00007f37d6ec4760 is pointing into the stack for thread: 0x00007f37d000d000
R15=0x00007f37d000d000 is a thread


Stack: [0x00007f37d6dc6000,0x00007f37d6ec6000],  sp=0x00007f37d6ec4710,  free space=1017k
Native frames: (J=compiled Java code, j=interpreted, Vv=VM code, C=native code)
C  [libglfw.so+0xe783]  glfwDestroyWindow+0xa3

Java frames: (J=compiled Java code, j=interpreted, Vv=VM code)
J 889  org.lwjgl.system.JNI.invokePV(JJ)V (0 bytes) @ 0x00007f37c0d28ec4 [0x00007f37c0d28e80+0x44]
j  org.lwjgl.glfw.GLFW.glfwDestroyWindow(J)V+6
j  com.engine.jade.Stage.show()V+19
j  PlayerKt.main()V+31
j  PlayerKt.main([Ljava/lang/String;)V+0
v  ~StubRoutines::call_stub

---------------  P R O C E S S  ---------------

Java Threads: ( => current thread )
  0x00007f37a8001000 JavaThread "Attach Listener" daemon [_thread_blocked, id=9468, stack(0x00007f37bdeda000,0x00007f37bdfdb000)]
  0x00007f37d065e800 JavaThread "Service Thread" daemon [_thread_blocked, id=9466, stack(0x00007f37be0dc000,0x00007f37be1dd000)]
  0x00007f37d0628000 JavaThread "C1 CompilerThread3" daemon [_thread_blocked, id=9465, stack(0x00007f37be1de000,0x00007f37be2de000)]
  0x00007f37d0623800 JavaThread "C2 CompilerThread2" daemon [_thread_blocked, id=9464, stack(0x00007f37be2df000,0x00007f37be3df000)]
  0x00007f37d0621800 JavaThread "C2 CompilerThread1" daemon [_thread_blocked, id=9463, stack(0x00007f37be3e0000,0x00007f37be4e0000)]
  0x00007f37d0620800 JavaThread "C2 CompilerThread0" daemon [_thread_blocked, id=9462, stack(0x00007f37be4e1000,0x00007f37be5e1000)]
  0x00007f37d061f800 JavaThread "Monitor Ctrl-Break" daemon [_thread_in_native, id=9461, stack(0x00007f37be5e1000,0x00007f37be6e2000)]
  0x00007f37d032b000 JavaThread "Thread-3" daemon [_thread_blocked, id=9456, stack(0x00007f37be6e2000,0x00007f37be7e3000)]
  0x00007f37d0329000 JavaThread "HotSwap Dispatcher" daemon [_thread_blocked, id=9455, stack(0x00007f37be7e3000,0x00007f37be8e4000)]
  0x00007f37d0326800 JavaThread "HotSwap Watcher" daemon [_thread_blocked, id=9454, stack(0x00007f37be8e4000,0x00007f37be9e5000)]
  0x00007f37d0325000 JavaThread "Thread-0" daemon [_thread_in_native, id=9453, stack(0x00007f37be9e5000,0x00007f37beae6000)]
  0x00007f37d00d7800 JavaThread "Signal Dispatcher" daemon [_thread_blocked, id=9452, stack(0x00007f37bef12000,0x00007f37bf013000)]
  0x00007f37d00a7000 JavaThread "Finalizer" daemon [_thread_blocked, id=9451, stack(0x00007f37bf2f1000,0x00007f37bf3f2000)]
  0x00007f37d00a2000 JavaThread "Reference Handler" daemon [_thread_blocked, id=9450, stack(0x00007f37bf3f2000,0x00007f37bf4f3000)]
=>0x00007f37d000d000 JavaThread "main" [_thread_in_native, id=9448, stack(0x00007f37d6dc6000,0x00007f37d6ec6000)]

Other Threads:
  0x00007f37d0098800 VMThread [stack: 0x00007f37bf4f4000,0x00007f37bf5f4000] [id=9449]
  0x00007f37d03a1800 WatcherThread [stack: 0x00007f37bdfdc000,0x00007f37be0dc000] [id=9467]

VM state:not at safepoint (normal execution)

VM Mutex/Monitor currently owned by a thread: None

Heap:
 def new generation   total 37440K, used 37265K [0x0000000087c00000, 0x000000008a4a0000, 0x00000000afd50000)
  eden space 33280K,  99% used [0x0000000087c00000, 0x0000000089c6d050, 0x0000000089c80000)
  from space 4160K,  97% used [0x000000008a090000, 0x000000008a487660, 0x000000008a4a0000)
  to   space 4160K,   0% used [0x0000000089c80000, 0x0000000089c80000, 0x000000008a090000)
 tenured generation   total 83328K, used 0K [0x00000000afd50000, 0x00000000b4eb0000, 0x0000000100000000)
   the space 83328K,   0% used [0x00000000afd50000, 0x00000000afd50000, 0x00000000afd50200, 0x00000000b4eb0000)
 Metaspace       used 13964K, capacity 14143K, committed 14336K, reserved 1062912K
  class space    used 1156K, capacity 1228K, committed 1280K, reserved 1048576K

Card table byte_map: [0x00007f37c0248000,0x00007f37c060b000] byte_map_base: 0x00007f37bfe0a000

Polling page: 0x00007f37d6efb000

CodeCache: size=245760Kb used=3527Kb max_used=3527Kb free=242232Kb
 bounds [0x00007f37c09cb000, 0x00007f37c0d4b000, 0x00007f37cf9cb000]
 total_blobs=1879 nmethods=910 adapters=884
 compilation: enabled

Compilation events (10 events):
Event: 7.991 Thread 0x00007f37d0628000 nmethod 905 0x00007f37c0d3b310 code [0x00007f37c0d3b4e0, 0x00007f37c0d3bc98]
Event: 7.991 Thread 0x00007f37d0628000  906       3       org.joml.Math::absEqualsOne (18 bytes)
Event: 7.991 Thread 0x00007f37d0628000 nmethod 906 0x00007f37c0d3be50 code [0x00007f37c0d3bfc0, 0x00007f37c0d3c170]
Event: 7.991 Thread 0x00007f37d0628000  907       3       org.joml.Matrix4f::rotationZ (51 bytes)
Event: 7.993 Thread 0x00007f37d0628000 nmethod 907 0x00007f37c0d3c210 code [0x00007f37c0d3c3e0, 0x00007f37c0d3cd18]
Event: 7.993 Thread 0x00007f37d0628000  908       3       org.joml.Math::sin (7 bytes)
Event: 7.994 Thread 0x00007f37d0628000 nmethod 908 0x00007f37c0d3cf90 code [0x00007f37c0d3d100, 0x00007f37c0d3d590]
Event: 7.994 Thread 0x00007f37d0628000  909       3       org.lwjgl.glfw.GLFW::glfwPollEvents (12 bytes)
Event: 7.994 Thread 0x00007f37d0628000 nmethod 909 0x00007f37c0d3d610 code [0x00007f37c0d3d780, 0x00007f37c0d3d948]
Event: 8.458 Thread 0x00007f37d0628000  910       3       java.net.URLStreamHandler::equals (45 bytes)

GC Heap History (2 events):
Event: 1.061 GC heap before
{Heap before GC invocations=0 (full 0):
 def new generation   total 37440K, used 33280K [0x0000000087c00000, 0x000000008a4a0000, 0x00000000afd50000)
  eden space 33280K, 100% used [0x0000000087c00000, 0x0000000089c80000, 0x0000000089c80000)
  from space 4160K,   0% used [0x0000000089c80000, 0x0000000089c80000, 0x000000008a090000)
  to   space 4160K,   0% used [0x000000008a090000, 0x000000008a090000, 0x000000008a4a0000)
 tenured generation   total 83328K, used 0K [0x00000000afd50000, 0x00000000b4eb0000, 0x0000000100000000)
   the space 83328K,   0% used [0x00000000afd50000, 0x00000000afd50000, 0x00000000afd50200, 0x00000000b4eb0000)
 Metaspace       used 7410K, capacity 7516K, committed 7808K, reserved 1056768K
  class space    used 799K, capacity 818K, committed 896K, reserved 1048576K
Event: 1.067 GC heap after
Heap after GC invocations=1 (full 0):
 def new generation   total 37440K, used 4061K [0x0000000087c00000, 0x000000008a4a0000, 0x00000000afd50000)
  eden space 33280K,   0% used [0x0000000087c00000, 0x0000000087c00000, 0x0000000089c80000)
  from space 4160K,  97% used [0x000000008a090000, 0x000000008a487660, 0x000000008a4a0000)
  to   space 4160K,   0% used [0x0000000089c80000, 0x0000000089c80000, 0x000000008a090000)
 tenured generation   total 83328K, used 0K [0x00000000afd50000, 0x00000000b4eb0000, 0x0000000100000000)
   the space 83328K,   0% used [0x00000000afd50000, 0x00000000afd50000, 0x00000000afd50200, 0x00000000b4eb0000)
 Metaspace       used 7410K, capacity 7516K, committed 7808K, reserved 1056768K
  class space    used 799K, capacity 818K, committed 896K, reserved 1048576K
}

Deoptimization events (10 events):
Event: 1.178 Thread 0x00007f37d000d000 Uncommon trap: reason=class_check action=maybe_recompile pc=0x00007f37c0bff1ac method=java.util.regex.Pattern$CharProperty.match(Ljava/util/regex/Matcher;ILjava/lang/CharSequence;)Z @ 18
Event: 1.178 Thread 0x00007f37d000d000 Uncommon trap: reason=class_check action=maybe_recompile pc=0x00007f37c0bff1ac method=java.util.regex.Pattern$CharProperty.match(Ljava/util/regex/Matcher;ILjava/lang/CharSequence;)Z @ 18
Event: 1.297 Thread 0x00007f37d000d000 Uncommon trap: reason=class_check action=maybe_recompile pc=0x00007f37c0b3f460 method=java.util.regex.Pattern$Slice.match(Ljava/util/regex/Matcher;ILjava/lang/CharSequence;)Z @ 75
Event: 1.297 Thread 0x00007f37d000d000 Uncommon trap: reason=class_check action=maybe_recompile pc=0x00007f37c0b3f460 method=java.util.regex.Pattern$Slice.match(Ljava/util/regex/Matcher;ILjava/lang/CharSequence;)Z @ 75
Event: 1.434 Thread 0x00007f37d000d000 Uncommon trap: reason=bimorphic action=maybe_recompile pc=0x00007f37c0c9e674 method=java.util.HashMap.getNode(ILjava/lang/Object;)Ljava/util/HashMap$Node; @ 126
Event: 1.434 Thread 0x00007f37d000d000 Uncommon trap: reason=bimorphic action=maybe_recompile pc=0x00007f37c0c9e674 method=java.util.HashMap.getNode(ILjava/lang/Object;)Ljava/util/HashMap$Node; @ 126
Event: 1.437 Thread 0x00007f37d000d000 Uncommon trap: reason=bimorphic action=maybe_recompile pc=0x00007f37c0c9e674 method=java.util.HashMap.getNode(ILjava/lang/Object;)Ljava/util/HashMap$Node; @ 126
Event: 1.437 Thread 0x00007f37d000d000 Uncommon trap: reason=bimorphic action=maybe_recompile pc=0x00007f37c0c9e674 method=java.util.HashMap.getNode(ILjava/lang/Object;)Ljava/util/HashMap$Node; @ 126
Event: 1.466 Thread 0x00007f37d000d000 Uncommon trap: reason=unstable_if action=reinterpret pc=0x00007f37c0caa284 method=java.util.regex.Pattern$CharProperty.match(Ljava/util/regex/Matcher;ILjava/lang/CharSequence;)Z @ 40
Event: 1.551 Thread 0x00007f37d000d000 Uncommon trap: reason=unstable_if action=reinterpret pc=0x00007f37c0ce15c0 method=sun.net.www.ParseUtil.encodePath(Ljava/lang/String;Z)Ljava/lang/String; @ 109

Internal exceptions (10 events):
Event: 0.117 Thread 0x00007f37d000d000 Exception <a 'java/security/PrivilegedActionException'> (0x0000000087e40180) thrown at [/var/lib/jenkins/workspace/DCEVM-8u161/jdk/JDK1.8.0_181-x64/k/product/oops/nocompressed/slave/dcevm-linux/hotspot/src/share/vm/prims/jvm.cpp, line 1391]
Event: 0.117 Thread 0x00007f37d000d000 Exception <a 'java/security/PrivilegedActionException'> (0x0000000087e40578) thrown at [/var/lib/jenkins/workspace/DCEVM-8u161/jdk/JDK1.8.0_181-x64/k/product/oops/nocompressed/slave/dcevm-linux/hotspot/src/share/vm/prims/jvm.cpp, line 1391]
Event: 1.080 Thread 0x00007f37d000d000 Exception <a 'java/lang/NoSuchMethodError': java.lang.Object.lambda$static$0(Ljava/lang/String;)Ljava/lang/Boolean;> (0x0000000087d4a590) thrown at [/var/lib/jenkins/workspace/DCEVM-8u161/jdk/JDK1.8.0_181-x64/k/product/oops/nocompressed/slave/dcevm-linux/
Event: 1.096 Thread 0x00007f37d000d000 Exception <a 'java/lang/NoSuchFieldError': method resolution failed> (0x0000000087df8f18) thrown at [/var/lib/jenkins/workspace/DCEVM-8u161/jdk/JDK1.8.0_181-x64/k/product/oops/nocompressed/slave/dcevm-linux/hotspot/src/share/vm/prims/methodHandles.cpp, li
Event: 1.097 Thread 0x00007f37d000d000 Exception <a 'java/lang/NoSuchFieldError': method resolution failed> (0x0000000087e07c38) thrown at [/var/lib/jenkins/workspace/DCEVM-8u161/jdk/JDK1.8.0_181-x64/k/product/oops/nocompressed/slave/dcevm-linux/hotspot/src/share/vm/prims/methodHandles.cpp, li
Event: 1.158 Thread 0x00007f37d000d000 Exception <a 'sun/nio/fs/UnixException'> (0x00000000882e0af8) thrown at [/var/lib/jenkins/workspace/DCEVM-8u161/jdk/JDK1.8.0_181-x64/k/product/oops/nocompressed/slave/dcevm-linux/hotspot/src/share/vm/prims/jni.cpp, line 710]
Event: 1.165 Thread 0x00007f37d000d000 Exception <a 'sun/nio/fs/UnixException'> (0x0000000088336c90) thrown at [/var/lib/jenkins/workspace/DCEVM-8u161/jdk/JDK1.8.0_181-x64/k/product/oops/nocompressed/slave/dcevm-linux/hotspot/src/share/vm/prims/jni.cpp, line 710]
Event: 1.296 Thread 0x00007f37d000d000 Exception <a 'sun/nio/fs/UnixException'> (0x0000000088534aa0) thrown at [/var/lib/jenkins/workspace/DCEVM-8u161/jdk/JDK1.8.0_181-x64/k/product/oops/nocompressed/slave/dcevm-linux/hotspot/src/share/vm/prims/jni.cpp, line 710]
Event: 1.298 Thread 0x00007f37d000d000 Exception <a 'sun/nio/fs/UnixException'> (0x0000000088546648) thrown at [/var/lib/jenkins/workspace/DCEVM-8u161/jdk/JDK1.8.0_181-x64/k/product/oops/nocompressed/slave/dcevm-linux/hotspot/src/share/vm/prims/jni.cpp, line 710]
Event: 1.554 Thread 0x00007f37d000d000 Exception <a 'sun/nio/fs/UnixException'> (0x0000000089481d80) thrown at [/var/lib/jenkins/workspace/DCEVM-8u161/jdk/JDK1.8.0_181-x64/k/product/oops/nocompressed/slave/dcevm-linux/hotspot/src/share/vm/prims/jni.cpp, line 710]

Events (10 events):
Event: 2.004 Thread 0x00007f3798003000 Thread added: 0x00007f3798003000
Event: 2.004 Thread 0x00007f3798003000 Thread exited: 0x00007f3798003000
Event: 2.623 Thread 0x00007f37d000d000 DEOPT PACKING pc=0x00007f37c0cf7a67 sp=0x00007f37d6ec45b0
Event: 2.623 Thread 0x00007f37d000d000 DEOPT UNPACKING pc=0x00007f37c0a12373 sp=0x00007f37d6ec4320 mode 0
Event: 5.001 Executing VM operation: EnableBiasedLocking
Event: 5.002 Executing VM operation: EnableBiasedLocking done
Event: 8.455 loading class java/util/Vector$Itr
Event: 8.455 loading class java/util/Vector$Itr done
Event: 8.457 loading class org/lwjgl/glfw/Callbacks
Event: 8.457 loading class org/lwjgl/glfw/Callbacks done


Dynamic libraries:
87c00000-8a4a0000 rw-p 00000000 00:00 0 
8a4a0000-afd50000 ---p 00000000 00:00 0 
afd50000-b4eb0000 rw-p 00000000 00:00 0 
b4eb0000-100000000 ---p 00000000 00:00 0 
100000000-100140000 rw-p 00000000 00:00 0 
100140000-140000000 ---p 00000000 00:00 0 
556e51091000-556e51092000 r-xp 00000000 08:05 10619934                   /usr/lib/jvm/java-8-openjdk-amd64/jre/bin/java
556e51291000-556e51292000 r--p 00000000 08:05 10619934                   /usr/lib/jvm/java-8-openjdk-amd64/jre/bin/java
556e51292000-556e51293000 rw-p 00001000 08:05 10619934                   /usr/lib/jvm/java-8-openjdk-amd64/jre/bin/java
556e51ecc000-556e51eed000 rw-p 00000000 00:00 0                          [heap]
7f3768000000-7f3768021000 rw-p 00000000 00:00 0 
7f3768021000-7f376c000000 ---p 00000000 00:00 0 
7f3770000000-7f3770021000 rw-p 00000000 00:00 0 
7f3770021000-7f3774000000 ---p 00000000 00:00 0 
7f3776775000-7f3776778000 ---p 00000000 00:00 0 
7f3776778000-7f3776936000 rw-p 00000000 00:00 0 
7f3776936000-7f3776a76000 ---p 00000000 00:00 0 
7f3776a76000-7f3776dfb000 rw-p 00000000 00:00 0 
7f3776dfb000-7f3776e5a000 r-xp 00000000 08:05 11284703                   /tmp/lwjglrage/3.2.3-build-13/liblwjgl_stb.so
7f3776e5a000-7f3777059000 ---p 0005f000 08:05 11284703                   /tmp/lwjglrage/3.2.3-build-13/liblwjgl_stb.so
7f3777059000-7f377705a000 r--p 0005e000 08:05 11284703                   /tmp/lwjglrage/3.2.3-build-13/liblwjgl_stb.so
7f377705a000-7f377705b000 rw-p 0005f000 08:05 11284703                   /tmp/lwjglrage/3.2.3-build-13/liblwjgl_stb.so
7f377705b000-7f377725c000 rw-p 00000000 00:00 0 
7f377725c000-7f37772b4000 r-xp 00000000 08:05 11284702                   /tmp/lwjglrage/3.2.3-build-13/liblwjgl_opengl.so
7f37772b4000-7f37774b3000 ---p 00058000 08:05 11284702                   /tmp/lwjglrage/3.2.3-build-13/liblwjgl_opengl.so
7f37774b3000-7f37774b4000 r--p 00057000 08:05 11284702                   /tmp/lwjglrage/3.2.3-build-13/liblwjgl_opengl.so
7f37774b4000-7f37774b5000 rw-p 00058000 08:05 11284702                   /tmp/lwjglrage/3.2.3-build-13/liblwjgl_opengl.so
7f37774b5000-7f37774b6000 ---p 00000000 00:00 0 
7f37774b6000-7f3777cb6000 rw-p 00000000 00:00 0 
7f3777cb6000-7f3777df7000 rw-s 00000000 08:05 8258070                    /home/rage/.cache/mesa_shader_cache/index
7f3777df7000-7f3777dff000 r-xp 00000000 08:05 5775352                    /usr/lib/x86_64-linux-gnu/libpciaccess.so.0.11.1
7f3777dff000-7f3777ffe000 ---p 00008000 08:05 5775352                    /usr/lib/x86_64-linux-gnu/libpciaccess.so.0.11.1
7f3777ffe000-7f3777fff000 r--p 00007000 08:05 5775352                    /usr/lib/x86_64-linux-gnu/libpciaccess.so.0.11.1
7f3777fff000-7f3778000000 rw-p 00008000 08:05 5775352                    /usr/lib/x86_64-linux-gnu/libpciaccess.so.0.11.1
7f3778000000-7f3778022000 rw-p 00000000 00:00 0 
7f3778022000-7f377c000000 ---p 00000000 00:00 0 
7f377c06b000-7f377c0ab000 rw-s 00000000 08:05 8259890                    /home/rage/#8259890 (deleted)
7f377c0ab000-7f377c0eb000 r-xs 00000000 08:05 8259890                    /home/rage/#8259890 (deleted)
7f377c0eb000-7f377c102000 r-xp 00000000 08:05 4461472                    /lib/x86_64-linux-gnu/libgcc_s.so.1
7f377c102000-7f377c301000 ---p 00017000 08:05 4461472                    /lib/x86_64-linux-gnu/libgcc_s.so.1
7f377c301000-7f377c302000 r--p 00016000 08:05 4461472                    /lib/x86_64-linux-gnu/libgcc_s.so.1
7f377c302000-7f377c303000 rw-p 00017000 08:05 4461472                    /lib/x86_64-linux-gnu/libgcc_s.so.1
7f377c303000-7f377c47c000 r-xp 00000000 08:05 5768515                    /usr/lib/x86_64-linux-gnu/libstdc++.so.6.0.25
7f377c47c000-7f377c67c000 ---p 00179000 08:05 5768515                    /usr/lib/x86_64-linux-gnu/libstdc++.so.6.0.25
7f377c67c000-7f377c686000 r--p 00179000 08:05 5768515                    /usr/lib/x86_64-linux-gnu/libstdc++.so.6.0.25
7f377c686000-7f377c688000 rw-p 00183000 08:05 5768515                    /usr/lib/x86_64-linux-gnu/libstdc++.so.6.0.25
7f377c688000-7f377c68c000 rw-p 00000000 00:00 0 
7f377c68c000-7f377c693000 r-xp 00000000 08:05 5771676                    /usr/lib/x86_64-linux-gnu/libdrm_nouveau.so.2.0.0
7f377c693000-7f377c892000 ---p 00007000 08:05 5771676                    /usr/lib/x86_64-linux-gnu/libdrm_nouveau.so.2.0.0
7f377c892000-7f377c893000 r--p 00006000 08:05 5771676                    /usr/lib/x86_64-linux-gnu/libdrm_nouveau.so.2.0.0
7f377c893000-7f377c894000 rw-p 00007000 08:05 5771676                    /usr/lib/x86_64-linux-gnu/libdrm_nouveau.so.2.0.0
7f377c894000-7f377c89f000 r-xp 00000000 08:05 5771674                    /usr/lib/x86_64-linux-gnu/libdrm_radeon.so.1.0.1
7f377c89f000-7f377ca9e000 ---p 0000b000 08:05 5771674                    /usr/lib/x86_64-linux-gnu/libdrm_radeon.so.1.0.1
7f377ca9e000-7f377ca9f000 r--p 0000a000 08:05 5771674                    /usr/lib/x86_64-linux-gnu/libdrm_radeon.so.1.0.1
7f377ca9f000-7f377caa0000 rw-p 0000b000 08:05 5771674                    /usr/lib/x86_64-linux-gnu/libdrm_radeon.so.1.0.1
7f377caa0000-7f377cac2000 r-xp 00000000 08:05 5771672                    /usr/lib/x86_64-linux-gnu/libdrm_intel.so.1.0.0
7f377cac2000-7f377ccc1000 ---p 00022000 08:05 5771672                    /usr/lib/x86_64-linux-gnu/libdrm_intel.so.1.0.0
7f377ccc1000-7f377ccc2000 r--p 00021000 08:05 5771672                    /usr/lib/x86_64-linux-gnu/libdrm_intel.so.1.0.0
7f377ccc2000-7f377ccc3000 rw-p 00022000 08:05 5771672                    /usr/lib/x86_64-linux-gnu/libdrm_intel.so.1.0.0
7f377ccc3000-7f377d7b0000 r-xp 00000000 08:05 6032129                    /usr/lib/x86_64-linux-gnu/dri/i965_dri.so
7f377d7b0000-7f377d9b0000 ---p 00aed000 08:05 6032129                    /usr/lib/x86_64-linux-gnu/dri/i965_dri.so
7f377d9b0000-7f377da45000 r--p 00aed000 08:05 6032129                    /usr/lib/x86_64-linux-gnu/dri/i965_dri.so
7f377da45000-7f377da8c000 rw-p 00b82000 08:05 6032129                    /usr/lib/x86_64-linux-gnu/dri/i965_dri.so
7f377da8c000-7f377db5f000 rw-p 00000000 00:00 0 
7f377db5f000-7f377db60000 r-xp 00000000 08:05 5775757                    /usr/lib/x86_64-linux-gnu/libxshmfence.so.1.0.0
7f377db60000-7f377dd5f000 ---p 00001000 08:05 5775757                    /usr/lib/x86_64-linux-gnu/libxshmfence.so.1.0.0
7f377dd5f000-7f377dd60000 r--p 00000000 08:05 5775757                    /usr/lib/x86_64-linux-gnu/libxshmfence.so.1.0.0
7f377dd60000-7f377dd61000 rw-p 00001000 08:05 5775757                    /usr/lib/x86_64-linux-gnu/libxshmfence.so.1.0.0
7f377dd61000-7f377dd66000 r-xp 00000000 08:05 5775725                    /usr/lib/x86_64-linux-gnu/libxcb-sync.so.1.0.0
7f377dd66000-7f377df66000 ---p 00005000 08:05 5775725                    /usr/lib/x86_64-linux-gnu/libxcb-sync.so.1.0.0
7f377df66000-7f377df67000 r--p 00005000 08:05 5775725                    /usr/lib/x86_64-linux-gnu/libxcb-sync.so.1.0.0
7f377df67000-7f377df68000 rw-p 00006000 08:05 5775725                    /usr/lib/x86_64-linux-gnu/libxcb-sync.so.1.0.0
7f377df68000-7f377df6a000 r-xp 00000000 08:05 5775713                    /usr/lib/x86_64-linux-gnu/libxcb-present.so.0.0.0
7f377df6a000-7f377e169000 ---p 00002000 08:05 5775713                    /usr/lib/x86_64-linux-gnu/libxcb-present.so.0.0.0
7f377e169000-7f377e16a000 r--p 00001000 08:05 5775713                    /usr/lib/x86_64-linux-gnu/libxcb-present.so.0.0.0
7f377e16a000-7f377e16b000 rw-p 00002000 08:05 5775713                    /usr/lib/x86_64-linux-gnu/libxcb-present.so.0.0.0
7f377e16b000-7f377e16e000 r-xp 00000000 08:05 5775703                    /usr/lib/x86_64-linux-gnu/libxcb-dri3.so.0.0.0
7f377e16e000-7f377e36d000 ---p 00003000 08:05 5775703                    /usr/lib/x86_64-linux-gnu/libxcb-dri3.so.0.0.0
7f377e36d000-7f377e36e000 r--p 00002000 08:05 5775703                    /usr/lib/x86_64-linux-gnu/libxcb-dri3.so.0.0.0
7f377e36e000-7f377e36f000 rw-p 00003000 08:05 5775703                    /usr/lib/x86_64-linux-gnu/libxcb-dri3.so.0.0.0
7f377e36f000-7f377e39e000 r-xp 00000000 08:05 4461464                    /lib/x86_64-linux-gnu/libexpat.so.1.6.7
7f377e39e000-7f377e59e000 ---p 0002f000 08:05 4461464                    /lib/x86_64-linux-gnu/libexpat.so.1.6.7
7f377e59e000-7f377e5a0000 r--p 0002f000 08:05 4461464                    /lib/x86_64-linux-gnu/libexpat.so.1.6.7
7f377e5a0000-7f377e5a1000 rw-p 00031000 08:05 4461464                    /lib/x86_64-linux-gnu/libexpat.so.1.6.7
7f377e5a1000-7f377e5a3000 r-xp 00000000 08:05 5774373                    /usr/lib/x86_64-linux-gnu/libXdamage.so.1.1.0
7f377e5a3000-7f377e7a2000 ---p 00002000 08:05 5774373                    /usr/lib/x86_64-linux-gnu/libXdamage.so.1.1.0
7f377e7a2000-7f377e7a3000 r--p 00001000 08:05 5774373                    /usr/lib/x86_64-linux-gnu/libXdamage.so.1.1.0
7f377e7a3000-7f377e7a4000 rw-p 00002000 08:05 5774373                    /usr/lib/x86_64-linux-gnu/libXdamage.so.1.1.0
7f377e7a4000-7f377e7a8000 r-xp 00000000 08:05 5775701                    /usr/lib/x86_64-linux-gnu/libxcb-dri2.so.0.0.0
7f377e7a8000-7f377e9a7000 ---p 00004000 08:05 5775701                    /usr/lib/x86_64-linux-gnu/libxcb-dri2.so.0.0.0
7f377e9a7000-7f377e9a8000 r--p 00003000 08:05 5775701                    /usr/lib/x86_64-linux-gnu/libxcb-dri2.so.0.0.0
7f377e9a8000-7f377e9a9000 rw-p 00004000 08:05 5775701                    /usr/lib/x86_64-linux-gnu/libxcb-dri2.so.0.0.0
7f377e9a9000-7f377e9c1000 r-xp 00000000 08:05 5775705                    /usr/lib/x86_64-linux-gnu/libxcb-glx.so.0.0.0
7f377e9c1000-7f377ebc1000 ---p 00018000 08:05 5775705                    /usr/lib/x86_64-linux-gnu/libxcb-glx.so.0.0.0
7f377ebc1000-7f377ebc3000 r--p 00018000 08:05 5775705                    /usr/lib/x86_64-linux-gnu/libxcb-glx.so.0.0.0
7f377ebc3000-7f377ebc4000 rw-p 0001a000 08:05 5775705                    /usr/lib/x86_64-linux-gnu/libxcb-glx.so.0.0.0
7f377ebc4000-7f377ebd4000 r-xp 00000000 08:05 5771575                    /usr/lib/x86_64-linux-gnu/libdrm.so.2.4.0
7f377ebd4000-7f377edd3000 ---p 00010000 08:05 5771575                    /usr/lib/x86_64-linux-gnu/libdrm.so.2.4.0
7f377edd3000-7f377edd4000 r--p 0000f000 08:05 5771575                    /usr/lib/x86_64-linux-gnu/libdrm.so.2.4.0
7f377edd4000-7f377edd5000 rw-p 00010000 08:05 5771575                    /usr/lib/x86_64-linux-gnu/libdrm.so.2.4.0
7f377edd5000-7f377ee04000 r-xp 00000000 08:05 5774307                    /usr/lib/x86_64-linux-gnu/libglapi.so.0.0.0
7f377ee04000-7f377f004000 ---p 0002f000 08:05 5774307                    /usr/lib/x86_64-linux-gnu/libglapi.so.0.0.0
7f377f004000-7f377f008000 r--p 0002f000 08:05 5774307                    /usr/lib/x86_64-linux-gnu/libglapi.so.0.0.0
7f377f008000-7f377f009000 rw-p 00033000 08:05 5774307                    /usr/lib/x86_64-linux-gnu/libglapi.so.0.0.0
7f377f009000-7f377f00a000 rw-p 00000000 00:00 0 
7f377f00a000-7f377f07d000 r-xp 00000000 08:05 5775071                    /usr/lib/x86_64-linux-gnu/libGLX_mesa.so.0.0.0
7f377f07d000-7f377f27d000 ---p 00073000 08:05 5775071                    /usr/lib/x86_64-linux-gnu/libGLX_mesa.so.0.0.0
7f377f27d000-7f377f280000 r--p 00073000 08:05 5775071                    /usr/lib/x86_64-linux-gnu/libGLX_mesa.so.0.0.0
7f377f280000-7f377f281000 rw-p 00076000 08:05 5775071                    /usr/lib/x86_64-linux-gnu/libGLX_mesa.so.0.0.0
7f377f281000-7f377f282000 rw-p 00000000 00:00 0 
7f377f282000-7f377f2f0000 r-xp 00000000 08:05 5774311                    /usr/lib/x86_64-linux-gnu/libGLdispatch.so.0.0.0
7f377f2f0000-7f377f4ef000 ---p 0006e000 08:05 5774311                    /usr/lib/x86_64-linux-gnu/libGLdispatch.so.0.0.0
7f377f4ef000-7f377f517000 r--p 0006d000 08:05 5774311                    /usr/lib/x86_64-linux-gnu/libGLdispatch.so.0.0.0
7f377f517000-7f377f518000 rw-p 00095000 08:05 5774311                    /usr/lib/x86_64-linux-gnu/libGLdispatch.so.0.0.0
7f377f518000-7f377f538000 rw-p 00000000 00:00 0 
7f377f538000-7f377f548000 r-xp 00000000 08:05 5774306                    /usr/lib/x86_64-linux-gnu/libGLX.so.0.0.0
7f377f548000-7f377f747000 ---p 00010000 08:05 5774306                    /usr/lib/x86_64-linux-gnu/libGLX.so.0.0.0
7f377f747000-7f377f748000 r--p 0000f000 08:05 5774306                    /usr/lib/x86_64-linux-gnu/libGLX.so.0.0.0
7f377f748000-7f377f749000 rw-p 00010000 08:05 5774306                    /usr/lib/x86_64-linux-gnu/libGLX.so.0.0.0
7f377f749000-7f377f769000 rw-p 00000000 00:00 0 
7f377f769000-7f377f7da000 r-xp 00000000 08:05 5774300                    /usr/lib/x86_64-linux-gnu/libGL.so.1.0.0
7f377f7da000-7f377f9d9000 ---p 00071000 08:05 5774300                    /usr/lib/x86_64-linux-gnu/libGL.so.1.0.0
7f377f9d9000-7f377f9f3000 r--p 00070000 08:05 5774300                    /usr/lib/x86_64-linux-gnu/libGL.so.1.0.0
7f377f9f3000-7f377f9f4000 rw-p 0008a000 08:05 5774300                    /usr/lib/x86_64-linux-gnu/libGL.so.1.0.0
7f377f9f4000-7f377f9f5000 rw-p 00000000 00:00 0 
7f377f9f5000-7f377f9f6000 r-xp 00000000 08:05 5774358                    /usr/lib/x86_64-linux-gnu/libX11-xcb.so.1.0.0
7f377f9f6000-7f377fbf5000 ---p 00001000 08:05 5774358                    /usr/lib/x86_64-linux-gnu/libX11-xcb.so.1.0.0
7f377fbf5000-7f377fbf6000 r--p 00000000 08:05 5774358                    /usr/lib/x86_64-linux-gnu/libX11-xcb.so.1.0.0
7f377fbf6000-7f377fbf7000 rw-p 00001000 08:05 5774358                    /usr/lib/x86_64-linux-gnu/libX11-xcb.so.1.0.0
7f377fbf7000-7f377fbf9000 r-xp 00000000 08:05 5774387                    /usr/lib/x86_64-linux-gnu/libXinerama.so.1.0.0
7f377fbf9000-7f377fdf8000 ---p 00002000 08:05 5774387                    /usr/lib/x86_64-linux-gnu/libXinerama.so.1.0.0
7f377fdf8000-7f377fdf9000 r--p 00001000 08:05 5774387                    /usr/lib/x86_64-linux-gnu/libXinerama.so.1.0.0
7f377fdf9000-7f377fdfa000 rw-p 00002000 08:05 5774387                    /usr/lib/x86_64-linux-gnu/libXinerama.so.1.0.0
7f377fdfa000-7f377fdff000 r-xp 00000000 08:05 5774379                    /usr/lib/x86_64-linux-gnu/libXfixes.so.3.1.0
7f377fdff000-7f377fffe000 ---p 00005000 08:05 5774379                    /usr/lib/x86_64-linux-gnu/libXfixes.so.3.1.0
7f377fffe000-7f377ffff000 r--p 00004000 08:05 5774379                    /usr/lib/x86_64-linux-gnu/libXfixes.so.3.1.0
7f377ffff000-7f3780000000 rw-p 00005000 08:05 5774379                    /usr/lib/x86_64-linux-gnu/libXfixes.so.3.1.0
7f3780000000-7f3780021000 rw-p 00000000 00:00 0 
7f3780021000-7f3784000000 ---p 00000000 00:00 0 
7f3784000000-7f3784021000 rw-p 00000000 00:00 0 
7f3784021000-7f3788000000 ---p 00000000 00:00 0 
7f3788000000-7f3788152000 rw-p 00000000 00:00 0 
7f3788152000-7f378c000000 ---p 00000000 00:00 0 
7f378c000000-7f378c1bd000 rw-p 00000000 00:00 0 
7f378c1bd000-7f3790000000 ---p 00000000 00:00 0 
7f3790000000-7f3790503000 rw-p 00000000 00:00 0 
7f3790503000-7f3794000000 ---p 00000000 00:00 0 
7f3794000000-7f37941cb000 rw-p 00000000 00:00 0 
7f37941cb000-7f3798000000 ---p 00000000 00:00 0 
7f3798000000-7f3798021000 rw-p 00000000 00:00 0 
7f3798021000-7f379c000000 ---p 00000000 00:00 0 
7f379c000000-7f379c02c000 rw-p 00000000 00:00 0 
7f379c02c000-7f37a0000000 ---p 00000000 00:00 0 
7f37a0000000-7f37a0021000 rw-p 00000000 00:00 0 
7f37a0021000-7f37a4000000 ---p 00000000 00:00 0 
7f37a4000000-7f37a4021000 rw-p 00000000 00:00 0 
7f37a4021000-7f37a8000000 ---p 00000000 00:00 0 
7f37a8000000-7f37a8021000 rw-p 00000000 00:00 0 
7f37a8021000-7f37ac000000 ---p 00000000 00:00 0 
7f37ac000000-7f37ac021000 rw-p 00000000 00:00 0 
7f37ac021000-7f37b0000000 ---p 00000000 00:00 0 
7f37b0000000-7f37b0021000 rw-p 00000000 00:00 0 
7f37b0021000-7f37b4000000 ---p 00000000 00:00 0 
7f37b4000000-7f37b4021000 rw-p 00000000 00:00 0 
7f37b4021000-7f37b8000000 ---p 00000000 00:00 0 
7f37b8000000-7f37b8021000 rw-p 00000000 00:00 0 
7f37b8021000-7f37bc000000 ---p 00000000 00:00 0 
7f37bc028000-7f37bc031000 r-xp 00000000 08:05 5774371                    /usr/lib/x86_64-linux-gnu/libXcursor.so.1.0.2
7f37bc031000-7f37bc230000 ---p 00009000 08:05 5774371                    /usr/lib/x86_64-linux-gnu/libXcursor.so.1.0.2
7f37bc230000-7f37bc231000 r--p 00008000 08:05 5774371                    /usr/lib/x86_64-linux-gnu/libXcursor.so.1.0.2
7f37bc231000-7f37bc232000 rw-p 00009000 08:05 5774371                    /usr/lib/x86_64-linux-gnu/libXcursor.so.1.0.2
7f37bc232000-7f37bc23b000 r-xp 00000000 08:05 5774397                    /usr/lib/x86_64-linux-gnu/libXrender.so.1.3.0
7f37bc23b000-7f37bc43a000 ---p 00009000 08:05 5774397                    /usr/lib/x86_64-linux-gnu/libXrender.so.1.3.0
7f37bc43a000-7f37bc43b000 r--p 00008000 08:05 5774397                    /usr/lib/x86_64-linux-gnu/libXrender.so.1.3.0
7f37bc43b000-7f37bc43c000 rw-p 00009000 08:05 5774397                    /usr/lib/x86_64-linux-gnu/libXrender.so.1.3.0
7f37bc43c000-7f37bc446000 r-xp 00000000 08:05 5774395                    /usr/lib/x86_64-linux-gnu/libXrandr.so.2.2.0
7f37bc446000-7f37bc645000 ---p 0000a000 08:05 5774395                    /usr/lib/x86_64-linux-gnu/libXrandr.so.2.2.0
7f37bc645000-7f37bc646000 r--p 00009000 08:05 5774395                    /usr/lib/x86_64-linux-gnu/libXrandr.so.2.2.0
7f37bc646000-7f37bc647000 rw-p 0000a000 08:05 5774395                    /usr/lib/x86_64-linux-gnu/libXrandr.so.2.2.0
7f37bc647000-7f37bc656000 r-xp 00000000 08:05 5774385                    /usr/lib/x86_64-linux-gnu/libXi.so.6.1.0
7f37bc656000-7f37bc855000 ---p 0000f000 08:05 5774385                    /usr/lib/x86_64-linux-gnu/libXi.so.6.1.0
7f37bc855000-7f37bc856000 r--p 0000e000 08:05 5774385                    /usr/lib/x86_64-linux-gnu/libXi.so.6.1.0
7f37bc856000-7f37bc857000 rw-p 0000f000 08:05 5774385                    /usr/lib/x86_64-linux-gnu/libXi.so.6.1.0
7f37bc857000-7f37bc868000 r-xp 00000000 08:05 5774377                    /usr/lib/x86_64-linux-gnu/libXext.so.6.4.0
7f37bc868000-7f37bca67000 ---p 00011000 08:05 5774377                    /usr/lib/x86_64-linux-gnu/libXext.so.6.4.0
7f37bca67000-7f37bca68000 r--p 00010000 08:05 5774377                    /usr/lib/x86_64-linux-gnu/libXext.so.6.4.0
7f37bca68000-7f37bca69000 rw-p 00011000 08:05 5774377                    /usr/lib/x86_64-linux-gnu/libXext.so.6.4.0
7f37bca69000-7f37bca6e000 r-xp 00000000 08:05 5774413                    /usr/lib/x86_64-linux-gnu/libXxf86vm.so.1.0.0
7f37bca6e000-7f37bcc6d000 ---p 00005000 08:05 5774413                    /usr/lib/x86_64-linux-gnu/libXxf86vm.so.1.0.0
7f37bcc6d000-7f37bcc6e000 r--p 00004000 08:05 5774413                    /usr/lib/x86_64-linux-gnu/libXxf86vm.so.1.0.0
7f37bcc6e000-7f37bcc6f000 rw-p 00005000 08:05 5774413                    /usr/lib/x86_64-linux-gnu/libXxf86vm.so.1.0.0
7f37bcc6f000-7f37bce6f000 rw-p 00000000 00:00 0 
7f37bce6f000-7f37bce82000 r-xp 00000000 08:05 4461344                    /lib/x86_64-linux-gnu/libbsd.so.0.8.7
7f37bce82000-7f37bd081000 ---p 00013000 08:05 4461344                    /lib/x86_64-linux-gnu/libbsd.so.0.8.7
7f37bd081000-7f37bd082000 r--p 00012000 08:05 4461344                    /lib/x86_64-linux-gnu/libbsd.so.0.8.7
7f37bd082000-7f37bd083000 rw-p 00013000 08:05 4461344                    /lib/x86_64-linux-gnu/libbsd.so.0.8.7
7f37bd083000-7f37bd084000 rw-p 00000000 00:00 0 
7f37bd084000-7f37bd089000 r-xp 00000000 08:05 5774375                    /usr/lib/x86_64-linux-gnu/libXdmcp.so.6.0.0
7f37bd089000-7f37bd288000 ---p 00005000 08:05 5774375                    /usr/lib/x86_64-linux-gnu/libXdmcp.so.6.0.0
7f37bd288000-7f37bd289000 r--p 00004000 08:05 5774375                    /usr/lib/x86_64-linux-gnu/libXdmcp.so.6.0.0
7f37bd289000-7f37bd28a000 rw-p 00005000 08:05 5774375                    /usr/lib/x86_64-linux-gnu/libXdmcp.so.6.0.0
7f37bd28a000-7f37bd28c000 r-xp 00000000 08:05 5774364                    /usr/lib/x86_64-linux-gnu/libXau.so.6.0.0
7f37bd28c000-7f37bd48c000 ---p 00002000 08:05 5774364                    /usr/lib/x86_64-linux-gnu/libXau.so.6.0.0
7f37bd48c000-7f37bd48d000 r--p 00002000 08:05 5774364                    /usr/lib/x86_64-linux-gnu/libXau.so.6.0.0
7f37bd48d000-7f37bd48e000 rw-p 00003000 08:05 5774364                    /usr/lib/x86_64-linux-gnu/libXau.so.6.0.0
7f37bd48e000-7f37bd4b4000 r-xp 00000000 08:05 5775737                    /usr/lib/x86_64-linux-gnu/libxcb.so.1.1.0
7f37bd4b4000-7f37bd6b4000 ---p 00026000 08:05 5775737                    /usr/lib/x86_64-linux-gnu/libxcb.so.1.1.0
7f37bd6b4000-7f37bd6b5000 r--p 00026000 08:05 5775737                    /usr/lib/x86_64-linux-gnu/libxcb.so.1.1.0
7f37bd6b5000-7f37bd6b6000 rw-p 00027000 08:05 5775737                    /usr/lib/x86_64-linux-gnu/libxcb.so.1.1.0
7f37bd6b6000-7f37bd7e9000 r-xp 00000000 08:05 5774360                    /usr/lib/x86_64-linux-gnu/libX11.so.6.3.0
7f37bd7e9000-7f37bd9e9000 ---p 00133000 08:05 5774360                    /usr/lib/x86_64-linux-gnu/libX11.so.6.3.0
7f37bd9e9000-7f37bd9ea000 r--p 00133000 08:05 5774360                    /usr/lib/x86_64-linux-gnu/libX11.so.6.3.0
7f37bd9ea000-7f37bd9ee000 rw-p 00134000 08:05 5774360                    /usr/lib/x86_64-linux-gnu/libX11.so.6.3.0
7f37bd9ee000-7f37bd9fe000 rw-s 00000000 00:19 2674                       /i915 (deleted)
7f37bd9fe000-7f37bda0e000 rw-s 00000000 00:19 2669                       /i915 (deleted)
7f37bda0f000-7f37bda10000 r-xp 00000000 00:00 0 
7f37bda10000-7f37bda18000 rw-s 00000000 00:19 2423                       /i915 (deleted)
7f37bda18000-7f37bda22000 rw-s 00000000 00:19 2417                       /i915 (deleted)
7f37bda22000-7f37bda65000 r-xp 00000000 08:05 11284700                   /tmp/lwjglrage/3.2.3-build-13/libglfw.so
7f37bda65000-7f37bdc64000 ---p 00043000 08:05 11284700                   /tmp/lwjglrage/3.2.3-build-13/libglfw.so
7f37bdc64000-7f37bdc65000 r--p 00042000 08:05 11284700                   /tmp/lwjglrage/3.2.3-build-13/libglfw.so
7f37bdc65000-7f37bdc67000 rw-p 00043000 08:05 11284700                   /tmp/lwjglrage/3.2.3-build-13/libglfw.so
7f37bdc67000-7f37bdc88000 rw-p 00000000 00:00 0 
7f37bdc88000-7f37bdcd9000 r-xp 00000000 08:05 11284699                   /tmp/lwjglrage/3.2.3-build-13/liblwjgl.so
7f37bdcd9000-7f37bded8000 ---p 00051000 08:05 11284699                   /tmp/lwjglrage/3.2.3-build-13/liblwjgl.so
7f37bded8000-7f37bded9000 r--p 00050000 08:05 11284699                   /tmp/lwjglrage/3.2.3-build-13/liblwjgl.so
7f37bded9000-7f37bdeda000 rw-p 00051000 08:05 11284699                   /tmp/lwjglrage/3.2.3-build-13/liblwjgl.so
7f37bdeda000-7f37bdedd000 ---p 00000000 00:00 0 
7f37bdedd000-7f37bdfdb000 rw-p 00000000 00:00 0 
7f37bdfdb000-7f37bdfdc000 ---p 00000000 00:00 0 
7f37bdfdc000-7f37be0dc000 rw-p 00000000 00:00 0 
7f37be0dc000-7f37be0df000 ---p 00000000 00:00 0 
7f37be0df000-7f37be1dd000 rw-p 00000000 00:00 0 
7f37be1dd000-7f37be1de000 ---p 00000000 00:00 0 
7f37be1de000-7f37be1e1000 ---p 00000000 00:00 0 
7f37be1e1000-7f37be2de000 rw-p 00000000 00:00 0 
7f37be2de000-7f37be2df000 ---p 00000000 00:00 0 
7f37be2df000-7f37be2e2000 ---p 00000000 00:00 0 
7f37be2e2000-7f37be3df000 rw-p 00000000 00:00 0 
7f37be3df000-7f37be3e0000 ---p 00000000 00:00 0 
7f37be3e0000-7f37be3e3000 ---p 00000000 00:00 0 
7f37be3e3000-7f37be4e0000 rw-p 00000000 00:00 0 
7f37be4e0000-7f37be4e1000 ---p 00000000 00:00 0 
7f37be4e1000-7f37be4e4000 ---p 00000000 00:00 0 
7f37be4e4000-7f37be5e1000 rw-p 00000000 00:00 0 
7f37be5e1000-7f37be5e4000 ---p 00000000 00:00 0 
7f37be5e4000-7f37be6e2000 rw-p 00000000 00:00 0 
7f37be6e2000-7f37be6e5000 ---p 00000000 00:00 0 
7f37be6e5000-7f37be7e3000 rw-p 00000000 00:00 0 
7f37be7e3000-7f37be7e6000 ---p 00000000 00:00 0 
7f37be7e6000-7f37be8e4000 rw-p 00000000 00:00 0 
7f37be8e4000-7f37be8e7000 ---p 00000000 00:00 0 
7f37be8e7000-7f37be9e5000 rw-p 00000000 00:00 0 
7f37be9e5000-7f37be9e8000 ---p 00000000 00:00 0 
7f37be9e8000-7f37beae6000 rw-p 00000000 00:00 0 
7f37beae6000-7f37beafd000 r-xp 00000000 08:05 10619972                   /usr/lib/jvm/java-8-openjdk-amd64/jre/lib/amd64/libnet.so
7f37beafd000-7f37becfd000 ---p 00017000 08:05 10619972                   /usr/lib/jvm/java-8-openjdk-amd64/jre/lib/amd64/libnet.so
7f37becfd000-7f37becfe000 r--p 00017000 08:05 10619972                   /usr/lib/jvm/java-8-openjdk-amd64/jre/lib/amd64/libnet.so
7f37becfe000-7f37becff000 rw-p 00018000 08:05 10619972                   /usr/lib/jvm/java-8-openjdk-amd64/jre/lib/amd64/libnet.so
7f37becff000-7f37bed11000 r-xp 00000000 08:05 10619973                   /usr/lib/jvm/java-8-openjdk-amd64/jre/lib/amd64/libnio.so
7f37bed11000-7f37bef10000 ---p 00012000 08:05 10619973                   /usr/lib/jvm/java-8-openjdk-amd64/jre/lib/amd64/libnio.so
7f37bef10000-7f37bef11000 r--p 00011000 08:05 10619973                   /usr/lib/jvm/java-8-openjdk-amd64/jre/lib/amd64/libnio.so
7f37bef11000-7f37bef12000 rw-p 00012000 08:05 10619973                   /usr/lib/jvm/java-8-openjdk-amd64/jre/lib/amd64/libnio.so
7f37bef12000-7f37bef15000 ---p 00000000 00:00 0 
7f37bef15000-7f37bf013000 rw-p 00000000 00:00 0 
7f37bf013000-7f37bf2f1000 r--p 00000000 08:05 5773271                    /usr/lib/locale/locale-archive
7f37bf2f1000-7f37bf2f4000 ---p 00000000 00:00 0 
7f37bf2f4000-7f37bf3f2000 rw-p 00000000 00:00 0 
7f37bf3f2000-7f37bf3f5000 ---p 00000000 00:00 0 
7f37bf3f5000-7f37bf4f3000 rw-p 00000000 00:00 0 
7f37bf4f3000-7f37bf4f4000 ---p 00000000 00:00 0 
7f37bf4f4000-7f37bf5f4000 rw-p 00000000 00:00 0 
7f37bf5f4000-7f37bf7c6000 r--s 03ca8000 08:05 10620024                   /usr/lib/jvm/java-8-openjdk-amd64/jre/lib/rt.jar
7f37bf7c6000-7f37bffef000 rw-p 00000000 00:00 0 
7f37bffef000-7f37c0248000 ---p 00000000 00:00 0 
7f37c0248000-7f37c025d000 rw-p 00000000 00:00 0 
7f37c025d000-7f37c0388000 ---p 00000000 00:00 0 
7f37c0388000-7f37c03b2000 rw-p 00000000 00:00 0 
7f37c03b2000-7f37c060a000 ---p 00000000 00:00 0 
7f37c060a000-7f37c0619000 rw-p 00000000 00:00 0 
7f37c0619000-7f37c09cb000 ---p 00000000 00:00 0 
7f37c09cb000-7f37c0d4b000 rwxp 00000000 00:00 0 
7f37c0d4b000-7f37cf9cb000 ---p 00000000 00:00 0 
7f37cf9cb000-7f37cf9d3000 r-xp 00000000 08:05 10619980                   /usr/lib/jvm/java-8-openjdk-amd64/jre/lib/amd64/libzip.so
7f37cf9d3000-7f37cfbd2000 ---p 00008000 08:05 10619980                   /usr/lib/jvm/java-8-openjdk-amd64/jre/lib/amd64/libzip.so
7f37cfbd2000-7f37cfbd3000 r--p 00007000 08:05 10619980                   /usr/lib/jvm/java-8-openjdk-amd64/jre/lib/amd64/libzip.so
7f37cfbd3000-7f37cfbd4000 rw-p 00008000 08:05 10619980                   /usr/lib/jvm/java-8-openjdk-amd64/jre/lib/amd64/libzip.so
7f37cfbd4000-7f37cfbdf000 r-xp 00000000 08:05 4461524                    /lib/x86_64-linux-gnu/libnss_files-2.27.so
7f37cfbdf000-7f37cfdde000 ---p 0000b000 08:05 4461524                    /lib/x86_64-linux-gnu/libnss_files-2.27.so
7f37cfdde000-7f37cfddf000 r--p 0000a000 08:05 4461524                    /lib/x86_64-linux-gnu/libnss_files-2.27.so
7f37cfddf000-7f37cfde0000 rw-p 0000b000 08:05 4461524                    /lib/x86_64-linux-gnu/libnss_files-2.27.so
7f37cfde0000-7f37cfde6000 rw-p 00000000 00:00 0 
7f37cfde6000-7f37cfdfd000 r-xp 00000000 08:05 4461518                    /lib/x86_64-linux-gnu/libnsl-2.27.so
7f37cfdfd000-7f37cfffc000 ---p 00017000 08:05 4461518                    /lib/x86_64-linux-gnu/libnsl-2.27.so
7f37cfffc000-7f37cfffd000 r--p 00016000 08:05 4461518                    /lib/x86_64-linux-gnu/libnsl-2.27.so
7f37cfffd000-7f37cfffe000 rw-p 00017000 08:05 4461518                    /lib/x86_64-linux-gnu/libnsl-2.27.so
7f37cfffe000-7f37d0000000 rw-p 00000000 00:00 0 
7f37d0000000-7f37d0d09000 rw-p 00000000 00:00 0 
7f37d0d09000-7f37d4000000 ---p 00000000 00:00 0 
7f37d4000000-7f37d4001000 r-xp 00000000 00:00 0 
7f37d4002000-7f37d4003000 rwxp 00000000 00:00 0 
7f37d4003000-7f37d4007000 rw-s 00000000 00:19 2231                       /i915 (deleted)
7f37d4007000-7f37d400f000 rw-s 00000000 00:19 1322                       /i915 (deleted)
7f37d400f000-7f37d4019000 rw-s 00000000 00:19 599                        /i915 (deleted)
7f37d4019000-7f37d4020000 r--s 00000000 08:05 6033569                    /usr/lib/x86_64-linux-gnu/gconv/gconv-modules.cache
7f37d4020000-7f37d4023000 r--s 0001c000 08:05 11018287                   /home/rage/Downloads/idea-IC-201.8743.12/lib/idea_rt.jar
7f37d4023000-7f37d4040000 r--s 00175000 08:05 13110002                   /home/rage/.local/share/JetBrains/IdeaIC2020.1/hotswap-agent-intellij-plugin/lib/agent/hotswap-agent-1.4.1.jar
7f37d4040000-7f37d4042000 r--s 00003000 08:05 10227197                   /home/rage/.gradle/caches/modules-2/files-2.1/org.jetbrains/annotations/13.0/919f0dfe192fb4e063e7dacadee7f8bb9a2672a9/annotations-13.0.jar
7f37d4042000-7f37d404a000 r--s 00024000 08:05 10227196                   /home/rage/.gradle/caches/modules-2/files-2.1/org.jetbrains.kotlin/kotlin-stdlib-common/1.3.72/6ca8bee3d88957eaaaef077c41c908c9940492d8/kotlin-stdlib-common-1.3.72.jar
7f37d404a000-7f37d404c000 r--s 00009000 08:05 10227238                   /home/rage/.gradle/caches/modules-2/files-2.1/org.hamcrest/hamcrest-core/1.3/42a25dc3219429f0e5d060061f71acb49bf010a0/hamcrest-core-1.3.jar
7f37d404c000-7f37d4060000 r--s 0013d000 08:05 10227189                   /home/rage/.gradle/caches/modules-2/files-2.1/org.jetbrains.kotlin/kotlin-stdlib/1.3.72/8032138f12c0180bc4e51fe139d4c52b46db6109/kotlin-stdlib-1.3.72.jar
7f37d4060000-7f37d4061000 r--s 00000000 08:05 10227274                   /home/rage/.gradle/caches/modules-2/files-2.1/org.jetbrains.kotlin/kotlin-stdlib-jdk7/1.3.72/3adfc2f4ea4243e01204be8081fe63bde6b12815/kotlin-stdlib-jdk7-1.3.72.jar
7f37d4061000-7f37d4069000 r--s 00045000 08:05 10227237                   /home/rage/.gradle/caches/modules-2/files-2.1/junit/junit/4.12/2973d150c0dc1fefe998f834810d68f278ea58ec/junit-4.12.jar
7f37d4069000-7f37d406a000 r--s 00003000 08:05 10227273                   /home/rage/.gradle/caches/modules-2/files-2.1/org.jetbrains.kotlin/kotlin-stdlib-jdk8/1.3.72/916d54b9eb6442b615e6f1488978f551c0674720/kotlin-stdlib-jdk8-1.3.72.jar
7f37d406a000-7f37d406b000 r--s 00012000 08:05 13632129                   /home/rage/Conduit/libs/lwjgl-natives-linux.jar
7f37d406b000-7f37d406c000 r--s 00026000 08:05 13638226                   /home/rage/Conduit/libs/lwjgl-glfw-natives-linux.jar
7f37d406c000-7f37d406e000 r--s 00018000 08:05 13632004                   /home/rage/Conduit/libs/lwjgl-stb.jar
7f37d406e000-7f37d4075000 r--s 00081000 08:05 13632128                   /home/rage/Conduit/libs/lwjgl.jar
7f37d4075000-7f37d4079000 r--s 000ae000 08:05 13631857                   /home/rage/Conduit/libs/joml-jdk8-1.9.25.jar
7f37d4079000-7f37d407a000 r--s 00030000 08:05 13632005                   /home/rage/Conduit/libs/lwjgl-stb-natives-linux.jar
7f37d407a000-7f37d407d000 r--s 00018000 08:05 13638225                   /home/rage/Conduit/libs/lwjgl-glfw.jar
7f37d407d000-7f37d4088000 r--s 000da000 08:05 13632002                   /home/rage/Conduit/libs/lwjgl-opengl.jar
7f37d4088000-7f37d409b000 r--s 00346000 08:05 10620023                   /usr/lib/jvm/java-8-openjdk-amd64/jre/lib/resources.jar
7f37d409b000-7f37d40a0000 r--s 000a7000 08:05 10620018                   /usr/lib/jvm/java-8-openjdk-amd64/jre/lib/jsse.jar
7f37d40a0000-7f37d40a5000 r--s 002f9000 08:05 10619985                   /usr/lib/jvm/java-8-openjdk-amd64/jre/lib/charsets.jar
7f37d40a5000-7f37d40af000 r--s 00117000 08:05 10619999                   /usr/lib/jvm/java-8-openjdk-amd64/jre/lib/ext/localedata.jar
7f37d40af000-7f37d40b5000 r--s 0003d000 08:05 10620002                   /usr/lib/jvm/java-8-openjdk-amd64/jre/lib/ext/sunjce_provider.jar
7f37d40b5000-7f37d412b000 rw-p 00000000 00:00 0 
7f37d412b000-7f37d4136000 r-xp 00000000 08:05 4461535                    /lib/x86_64-linux-gnu/libnss_nis-2.27.so
7f37d4136000-7f37d4335000 ---p 0000b000 08:05 4461535                    /lib/x86_64-linux-gnu/libnss_nis-2.27.so
7f37d4335000-7f37d4336000 r--p 0000a000 08:05 4461535                    /lib/x86_64-linux-gnu/libnss_nis-2.27.so
7f37d4336000-7f37d4337000 rw-p 0000b000 08:05 4461535                    /lib/x86_64-linux-gnu/libnss_nis-2.27.so
7f37d4337000-7f37d433f000 r-xp 00000000 08:05 4461520                    /lib/x86_64-linux-gnu/libnss_compat-2.27.so
7f37d433f000-7f37d453f000 ---p 00008000 08:05 4461520                    /lib/x86_64-linux-gnu/libnss_compat-2.27.so
7f37d453f000-7f37d4540000 r--p 00008000 08:05 4461520                    /lib/x86_64-linux-gnu/libnss_compat-2.27.so
7f37d4540000-7f37d4541000 rw-p 00009000 08:05 4461520                    /lib/x86_64-linux-gnu/libnss_compat-2.27.so
7f37d4541000-7f37d454b000 r-xp 00000000 08:05 10619956                   /usr/lib/jvm/java-8-openjdk-amd64/jre/lib/amd64/libinstrument.so
7f37d454b000-7f37d474a000 ---p 0000a000 08:05 10619956                   /usr/lib/jvm/java-8-openjdk-amd64/jre/lib/amd64/libinstrument.so
7f37d474a000-7f37d474b000 r--p 00009000 08:05 10619956                   /usr/lib/jvm/java-8-openjdk-amd64/jre/lib/amd64/libinstrument.so
7f37d474b000-7f37d474c000 rw-p 0000a000 08:05 10619956                   /usr/lib/jvm/java-8-openjdk-amd64/jre/lib/amd64/libinstrument.so
7f37d474c000-7f37d4776000 r-xp 00000000 08:05 10619961                   /usr/lib/jvm/java-8-openjdk-amd64/jre/lib/amd64/libjava.so
7f37d4776000-7f37d4975000 ---p 0002a000 08:05 10619961                   /usr/lib/jvm/java-8-openjdk-amd64/jre/lib/amd64/libjava.so
7f37d4975000-7f37d4976000 r--p 00029000 08:05 10619961                   /usr/lib/jvm/java-8-openjdk-amd64/jre/lib/amd64/libjava.so
7f37d4976000-7f37d4978000 rw-p 0002a000 08:05 10619961                   /usr/lib/jvm/java-8-openjdk-amd64/jre/lib/amd64/libjava.so
7f37d4978000-7f37d4988000 r-xp 00000000 08:05 10619979                   /usr/lib/jvm/java-8-openjdk-amd64/jre/lib/amd64/libverify.so
7f37d4988000-7f37d4b87000 ---p 00010000 08:05 10619979                   /usr/lib/jvm/java-8-openjdk-amd64/jre/lib/amd64/libverify.so
7f37d4b87000-7f37d4b89000 r--p 0000f000 08:05 10619979                   /usr/lib/jvm/java-8-openjdk-amd64/jre/lib/amd64/libverify.so
7f37d4b89000-7f37d4b8a000 rw-p 00011000 08:05 10619979                   /usr/lib/jvm/java-8-openjdk-amd64/jre/lib/amd64/libverify.so
7f37d4b8a000-7f37d4b91000 r-xp 00000000 08:05 4461575                    /lib/x86_64-linux-gnu/librt-2.27.so
7f37d4b91000-7f37d4d90000 ---p 00007000 08:05 4461575                    /lib/x86_64-linux-gnu/librt-2.27.so
7f37d4d90000-7f37d4d91000 r--p 00006000 08:05 4461575                    /lib/x86_64-linux-gnu/librt-2.27.so
7f37d4d91000-7f37d4d92000 rw-p 00007000 08:05 4461575                    /lib/x86_64-linux-gnu/librt-2.27.so
7f37d4d92000-7f37d4f2f000 r-xp 00000000 08:05 4461497                    /lib/x86_64-linux-gnu/libm-2.27.so
7f37d4f2f000-7f37d512e000 ---p 0019d000 08:05 4461497                    /lib/x86_64-linux-gnu/libm-2.27.so
7f37d512e000-7f37d512f000 r--p 0019c000 08:05 4461497                    /lib/x86_64-linux-gnu/libm-2.27.so
7f37d512f000-7f37d5130000 rw-p 0019d000 08:05 4461497                    /lib/x86_64-linux-gnu/libm-2.27.so
7f37d5130000-7f37d5d85000 r-xp 00000000 08:05 10617851                   /usr/lib/jvm/java-8-openjdk-amd64/jre/lib/amd64/server/libjvm.so
7f37d5d85000-7f37d5f85000 ---p 00c55000 08:05 10617851                   /usr/lib/jvm/java-8-openjdk-amd64/jre/lib/amd64/server/libjvm.so
7f37d5f85000-7f37d6054000 rw-p 00c55000 08:05 10617851                   /usr/lib/jvm/java-8-openjdk-amd64/jre/lib/amd64/server/libjvm.so
7f37d6054000-7f37d6097000 rw-p 00000000 00:00 0 
7f37d6097000-7f37d60b1000 r-xp 00000000 08:05 4461567                    /lib/x86_64-linux-gnu/libpthread-2.27.so
7f37d60b1000-7f37d62b0000 ---p 0001a000 08:05 4461567                    /lib/x86_64-linux-gnu/libpthread-2.27.so
7f37d62b0000-7f37d62b1000 r--p 00019000 08:05 4461567                    /lib/x86_64-linux-gnu/libpthread-2.27.so
7f37d62b1000-7f37d62b2000 rw-p 0001a000 08:05 4461567                    /lib/x86_64-linux-gnu/libpthread-2.27.so
7f37d62b2000-7f37d62b6000 rw-p 00000000 00:00 0 
7f37d62b6000-7f37d62b9000 r-xp 00000000 08:05 4461457                    /lib/x86_64-linux-gnu/libdl-2.27.so
7f37d62b9000-7f37d64b8000 ---p 00003000 08:05 4461457                    /lib/x86_64-linux-gnu/libdl-2.27.so
7f37d64b8000-7f37d64b9000 r--p 00002000 08:05 4461457                    /lib/x86_64-linux-gnu/libdl-2.27.so
7f37d64b9000-7f37d64ba000 rw-p 00003000 08:05 4461457                    /lib/x86_64-linux-gnu/libdl-2.27.so
7f37d64ba000-7f37d64d6000 r-xp 00000000 08:05 4461608                    /lib/x86_64-linux-gnu/libz.so.1.2.11
7f37d64d6000-7f37d66d5000 ---p 0001c000 08:05 4461608                    /lib/x86_64-linux-gnu/libz.so.1.2.11
7f37d66d5000-7f37d66d6000 r--p 0001b000 08:05 4461608                    /lib/x86_64-linux-gnu/libz.so.1.2.11
7f37d66d6000-7f37d66d7000 rw-p 0001c000 08:05 4461608                    /lib/x86_64-linux-gnu/libz.so.1.2.11
7f37d66d7000-7f37d68be000 r-xp 00000000 08:05 4461434                    /lib/x86_64-linux-gnu/libc-2.27.so
7f37d68be000-7f37d6abe000 ---p 001e7000 08:05 4461434                    /lib/x86_64-linux-gnu/libc-2.27.so
7f37d6abe000-7f37d6ac2000 r--p 001e7000 08:05 4461434                    /lib/x86_64-linux-gnu/libc-2.27.so
7f37d6ac2000-7f37d6ac4000 rw-p 001eb000 08:05 4461434                    /lib/x86_64-linux-gnu/libc-2.27.so
7f37d6ac4000-7f37d6ac8000 rw-p 00000000 00:00 0 
7f37d6ac8000-7f37d6ad6000 r-xp 00000000 08:05 10619947                   /usr/lib/jvm/java-8-openjdk-amd64/jre/lib/amd64/jli/libjli.so
7f37d6ad6000-7f37d6cd5000 ---p 0000e000 08:05 10619947                   /usr/lib/jvm/java-8-openjdk-amd64/jre/lib/amd64/jli/libjli.so
7f37d6cd5000-7f37d6cd6000 r--p 0000d000 08:05 10619947                   /usr/lib/jvm/java-8-openjdk-amd64/jre/lib/amd64/jli/libjli.so
7f37d6cd6000-7f37d6cd7000 rw-p 0000e000 08:05 10619947                   /usr/lib/jvm/java-8-openjdk-amd64/jre/lib/amd64/jli/libjli.so
7f37d6cd7000-7f37d6cfe000 r-xp 00000000 08:05 4461406                    /lib/x86_64-linux-gnu/ld-2.27.so
7f37d6cfe000-7f37d6cff000 r--s 00013000 08:05 13632003                   /home/rage/Conduit/libs/lwjgl-opengl-natives-linux.jar
7f37d6cff000-7f37d6d01000 r--s 00016000 08:05 10620016                   /usr/lib/jvm/java-8-openjdk-amd64/jre/lib/jce.jar
7f37d6d01000-7f37d6d1c000 r--s 001d6000 08:05 10620000                   /usr/lib/jvm/java-8-openjdk-amd64/jre/lib/ext/nashorn.jar
7f37d6d1c000-7f37d6dc5000 rw-p 00000000 00:00 0 
7f37d6dc5000-7f37d6dc6000 ---p 00000000 00:00 0 
7f37d6dc6000-7f37d6dc9000 ---p 00000000 00:00 0 
7f37d6dc9000-7f37d6ec8000 rw-p 00000000 00:00 0 
7f37d6ec8000-7f37d6ec9000 r--s 00000000 08:05 10620021                   /usr/lib/jvm/java-8-openjdk-amd64/jre/lib/management-agent.jar
7f37d6ec9000-7f37d6eca000 r--s 0000d000 08:05 10620001                   /usr/lib/jvm/java-8-openjdk-amd64/jre/lib/ext/sunec.jar
7f37d6eca000-7f37d6ecd000 r--s 0000f000 08:05 10619997                   /usr/lib/jvm/java-8-openjdk-amd64/jre/lib/ext/icedtea-sound.jar
7f37d6ecd000-7f37d6ece000 r--s 0000a000 08:05 10619998                   /usr/lib/jvm/java-8-openjdk-amd64/jre/lib/ext/jaccess.jar
7f37d6ece000-7f37d6ed0000 r--s 00001000 08:05 10619996                   /usr/lib/jvm/java-8-openjdk-amd64/jre/lib/ext/dnsns.jar
7f37d6ed0000-7f37d6ed1000 r--s 00010000 08:05 10620004                   /usr/lib/jvm/java-8-openjdk-amd64/jre/lib/ext/zipfs.jar
7f37d6ed1000-7f37d6ed5000 r--s 0003a000 08:05 10620003                   /usr/lib/jvm/java-8-openjdk-amd64/jre/lib/ext/sunpkcs11.jar
7f37d6ed5000-7f37d6ed7000 r--s 00007000 08:05 6301881                    /usr/share/java/java-atk-wrapper.jar
7f37d6ed7000-7f37d6ef2000 r--s 00394000 08:05 10619995                   /usr/lib/jvm/java-8-openjdk-amd64/jre/lib/ext/cldrdata.jar
7f37d6ef2000-7f37d6efa000 rw-s 00000000 08:05 11403483                   /tmp/hsperfdata_rage/9447
7f37d6efa000-7f37d6efb000 rw-p 00000000 00:00 0 
7f37d6efb000-7f37d6efc000 r--p 00000000 00:00 0 
7f37d6efc000-7f37d6efe000 rw-p 00000000 00:00 0 
7f37d6efe000-7f37d6eff000 r--p 00027000 08:05 4461406                    /lib/x86_64-linux-gnu/ld-2.27.so
7f37d6eff000-7f37d6f00000 rw-p 00028000 08:05 4461406                    /lib/x86_64-linux-gnu/ld-2.27.so
7f37d6f00000-7f37d6f01000 rw-p 00000000 00:00 0 
7ffde4f07000-7ffde4f29000 rw-p 00000000 00:00 0                          [stack]
7ffde4f88000-7ffde4f8b000 r--p 00000000 00:00 0                          [vvar]
7ffde4f8b000-7ffde4f8c000 r-xp 00000000 00:00 0                          [vdso]
ffffffffff600000-ffffffffff601000 r-xp 00000000 00:00 0                  [vsyscall]

VM Arguments:
jvm_args: -javaagent:/home/rage/.local/share/JetBrains/IdeaIC2020.1/hotswap-agent-intellij-plugin/lib/agent/hotswap-agent-1.4.1.jar -javaagent:/home/rage/Downloads/idea-IC-201.8743.12/lib/idea_rt.jar=40715:/home/rage/Downloads/idea-IC-201.8743.12/bin -Dfile.encoding=UTF-8 
java_command: PlayerKt
java_class_path (initial): /usr/lib/jvm/java-8-openjdk-amd64/jre/lib/charsets.jar:/usr/lib/jvm/java-8-openjdk-amd64/jre/lib/ext/cldrdata.jar:/usr/lib/jvm/java-8-openjdk-amd64/jre/lib/ext/dnsns.jar:/usr/lib/jvm/java-8-openjdk-amd64/jre/lib/ext/icedtea-sound.jar:/usr/lib/jvm/java-8-openjdk-amd64/jre/lib/ext/jaccess.jar:/usr/lib/jvm/java-8-openjdk-amd64/jre/lib/ext/java-atk-wrapper.jar:/usr/lib/jvm/java-8-openjdk-amd64/jre/lib/ext/localedata.jar:/usr/lib/jvm/java-8-openjdk-amd64/jre/lib/ext/nashorn.jar:/usr/lib/jvm/java-8-openjdk-amd64/jre/lib/ext/sunec.jar:/usr/lib/jvm/java-8-openjdk-amd64/jre/lib/ext/sunjce_provider.jar:/usr/lib/jvm/java-8-openjdk-amd64/jre/lib/ext/sunpkcs11.jar:/usr/lib/jvm/java-8-openjdk-amd64/jre/lib/ext/zipfs.jar:/usr/lib/jvm/java-8-openjdk-amd64/jre/lib/jce.jar:/usr/lib/jvm/java-8-openjdk-amd64/jre/lib/jsse.jar:/usr/lib/jvm/java-8-openjdk-amd64/jre/lib/management-agent.jar:/usr/lib/jvm/java-8-openjdk-amd64/jre/lib/resources.jar:/usr/lib/jvm/java-8-openjdk-amd64/jre/lib/rt.jar:/home/rage/Conduit/build/classes/kotlin/test:/home/rage/Conduit/build/classes/kotlin/main:/home/rage/Conduit/libs/lwjgl-opengl.jar:/home/rage/Conduit/libs/lwjgl-opengl-natives-linux.jar:/home/rage/Conduit/libs/lwjgl-glfw.jar:/home/rage/Conduit/libs/lwjgl-stb-natives-linux.jar:/home/rage/Conduit/libs/joml-jdk8-1.9.25.jar:/home/rage/Conduit/libs/lwjgl.jar:/home/rage/Conduit/libs/lwjgl-stb.jar:/home/rage/Conduit/libs/lwjgl-glfw-natives-linux.jar:/home/rage/Conduit/libs/lwjgl-natives-linux.jar:/home/rage/.gradle/caches/modules-2/files-2.1/org.jetbrains.kotlin/kotlin-stdlib-jdk8/1.3.72/916d54b9eb6442b615e6f1488978f551c0674720/kotlin-stdlib-jdk8-1.3.72.jar:/home/rage/.gradle/caches/modules-2/files-2.1/junit/junit/4.12/2973d150c0dc1fefe998f834810d68f278ea58ec/junit-4.12.jar:/home/rage/.gradle/caches/modules-2/files-2.1/org.jetbrains.kotlin/kotlin-stdlib-jdk7/1.3.72/3adfc2f4ea4243e01204be8081fe63bde6b12815/kotlin-stdlib-jdk7-1.3.72.jar:/home/rage/.gradle/caches/modules-2/files-2.
Launcher Type: SUN_STANDARD

Environment Variables:
PATH=/usr/local/sbin:/usr/local/bin:/usr/sbin:/usr/bin:/sbin:/bin:/usr/games:/usr/local/games$PATH:/opt/wine-stable/bin:/opt/wine-stable/bin
SHELL=/bin/bash
DISPLAY=:0

Signal Handlers:
SIGSEGV: [libjvm.so+0xa47670], sa_mask[0]=11111111011111111101111111111110, sa_flags=SA_RESTART|SA_SIGINFO
SIGBUS: [libjvm.so+0xa47670], sa_mask[0]=11111111011111111101111111111110, sa_flags=SA_RESTART|SA_SIGINFO
SIGFPE: [libjvm.so+0x8b0b50], sa_mask[0]=11111111011111111101111111111110, sa_flags=SA_RESTART|SA_SIGINFO
SIGPIPE: [libjvm.so+0x8b0b50], sa_mask[0]=11111111011111111101111111111110, sa_flags=SA_RESTART|SA_SIGINFO
SIGXFSZ: [libjvm.so+0x8b0b50], sa_mask[0]=11111111011111111101111111111110, sa_flags=SA_RESTART|SA_SIGINFO
SIGILL: [libjvm.so+0x8b0b50], sa_mask[0]=11111111011111111101111111111110, sa_flags=SA_RESTART|SA_SIGINFO
SIGUSR1: SIG_DFL, sa_mask[0]=00000000000000000000000000000000, sa_flags=none
SIGUSR2: [libjvm.so+0x8b2230], sa_mask[0]=00100000000000000000000000000000, sa_flags=SA_RESTART|SA_SIGINFO
SIGHUP: [libjvm.so+0x8b3920], sa_mask[0]=11111111011111111101111111111110, sa_flags=SA_RESTART|SA_SIGINFO
SIGINT: [libjvm.so+0x8b3920], sa_mask[0]=11111111011111111101111111111110, sa_flags=SA_RESTART|SA_SIGINFO
SIGTERM: [libjvm.so+0x8b3920], sa_mask[0]=11111111011111111101111111111110, sa_flags=SA_RESTART|SA_SIGINFO
SIGQUIT: [libjvm.so+0x8b3920], sa_mask[0]=11111111011111111101111111111110, sa_flags=SA_RESTART|SA_SIGINFO


---------------  S Y S T E M  ---------------

OS:DISTRIB_ID=LinuxMint
DISTRIB_RELEASE=19.3
DISTRIB_CODENAME=tricia
DISTRIB_DESCRIPTION="Linux Mint 19.3 Tricia"

uname:Linux 5.0.0-32-generic #34~18.04.2-Ubuntu SMP Thu Oct 10 10:36:02 UTC 2019 x86_64
libc:glibc 2.27 NPTL 2.27 
rlimit: STACK 8192k, CORE 0k, NPROC 30501, NOFILE 1048576, AS infinity
load average:3.85 3.59 2.99

/proc/meminfo:
MemTotal:        7879240 kB
MemFree:          471880 kB
MemAvailable:    1285828 kB
Buffers:           94688 kB
Cached:          1473588 kB
SwapCached:         3160 kB
Active:          6050708 kB
Inactive:         949604 kB
Active(anon):    5163408 kB
Inactive(anon):   765160 kB
Active(file):     887300 kB
Inactive(file):   184444 kB
Unevictable:       44200 kB
Mlocked:              64 kB
SwapTotal:       2097148 kB
SwapFree:        1806588 kB
Dirty:              7376 kB
Writeback:           372 kB
AnonPages:       5474568 kB
Mapped:           600864 kB
Shmem:            496532 kB
KReclaimable:      85000 kB
Slab:             167892 kB
SReclaimable:      85000 kB
SUnreclaim:        82892 kB
KernelStack:       19568 kB
PageTables:        83156 kB
NFS_Unstable:          0 kB
Bounce:                0 kB
WritebackTmp:          0 kB
CommitLimit:     6036768 kB
Committed_AS:   16212860 kB
VmallocTotal:   34359738367 kB
VmallocUsed:           0 kB
VmallocChunk:          0 kB
Percpu:             2176 kB
HardwareCorrupted:     0 kB
AnonHugePages:         0 kB
ShmemHugePages:        0 kB
ShmemPmdMapped:        0 kB
CmaTotal:              0 kB
CmaFree:               0 kB
HugePages_Total:       0
HugePages_Free:        0
HugePages_Rsvd:        0
HugePages_Surp:        0
Hugepagesize:       2048 kB
Hugetlb:               0 kB
DirectMap4k:      345540 kB
DirectMap2M:     7757824 kB
DirectMap1G:           0 kB


CPU:total 8 (initial active 8) (4 cores per cpu, 2 threads per core) family 6 model 142 stepping 12, cmov, cx8, fxsr, mmx, sse, sse2, sse3, ssse3, sse4.1, sse4.2, popcnt, avx, avx2, aes, clmul, erms, 3dnowpref, lzcnt, ht, tsc, tscinvbit, bmi1, bmi2, adx

/proc/cpuinfo:
processor	: 0
vendor_id	: GenuineIntel
cpu family	: 6
model		: 142
model name	: Intel(R) Core(TM) i5-8265U CPU @ 1.60GHz
stepping	: 12
microcode	: 0xca
cpu MHz		: 1590.027
cache size	: 6144 KB
physical id	: 0
siblings	: 8
core id		: 0
cpu cores	: 4
apicid		: 0
initial apicid	: 0
fpu		: yes
fpu_exception	: yes
cpuid level	: 22
wp		: yes
flags		: fpu vme de pse tsc msr pae mce cx8 apic sep mtrr pge mca cmov pat pse36 clflush dts acpi mmx fxsr sse sse2 ss ht tm pbe syscall nx pdpe1gb rdtscp lm constant_tsc art arch_perfmon pebs bts rep_good nopl xtopology nonstop_tsc cpuid aperfmperf tsc_known_freq pni pclmulqdq dtes64 monitor ds_cpl vmx est tm2 ssse3 sdbg fma cx16 xtpr pdcm pcid sse4_1 sse4_2 x2apic movbe popcnt tsc_deadline_timer aes xsave avx f16c rdrand lahf_lm abm 3dnowprefetch cpuid_fault epb invpcid_single ssbd ibrs ibpb stibp ibrs_enhanced tpr_shadow vnmi flexpriority ept vpid ept_ad fsgsbase tsc_adjust bmi1 avx2 smep bmi2 erms invpcid mpx rdseed adx smap clflushopt intel_pt xsaveopt xsavec xgetbv1 xsaves dtherm ida arat pln pts hwp hwp_notify hwp_act_window hwp_epp md_clear flush_l1d arch_capabilities
bugs		: spectre_v1 spectre_v2 spec_store_bypass swapgs
bogomips	: 3600.00
clflush size	: 64
cache_alignment	: 64
address sizes	: 39 bits physical, 48 bits virtual
power management:

processor	: 1
vendor_id	: GenuineIntel
cpu family	: 6
model		: 142
model name	: Intel(R) Core(TM) i5-8265U CPU @ 1.60GHz
stepping	: 12
microcode	: 0xca
cpu MHz		: 1587.586
cache size	: 6144 KB
physical id	: 0
siblings	: 8
core id		: 1
cpu cores	: 4
apicid		: 2
initial apicid	: 2
fpu		: yes
fpu_exception	: yes
cpuid level	: 22
wp		: yes
flags		: fpu vme de pse tsc msr pae mce cx8 apic sep mtrr pge mca cmov pat pse36 clflush dts acpi mmx fxsr sse sse2 ss ht tm pbe syscall nx pdpe1gb rdtscp lm constant_tsc art arch_perfmon pebs bts rep_good nopl xtopology nonstop_tsc cpuid aperfmperf tsc_known_freq pni pclmulqdq dtes64 monitor ds_cpl vmx est tm2 ssse3 sdbg fma cx16 xtpr pdcm pcid sse4_1 sse4_2 x2apic movbe popcnt tsc_deadline_timer aes xsave avx f16c rdrand lahf_lm abm 3dnowprefetch cpuid_fault epb invpcid_single ssbd ibrs ibpb stibp ibrs_enhanced tpr_shadow vnmi flexpriority ept vpid ept_ad fsgsbase tsc_adjust bmi1 avx2 smep bmi2 erms invpcid mpx rdseed adx smap clflushopt intel_pt xsaveopt xsavec xgetbv1 xsaves dtherm ida arat pln pts hwp hwp_notify hwp_act_window hwp_epp md_clear flush_l1d arch_capabilities
bugs		: spectre_v1 spectre_v2 spec_store_bypass swapgs
bogomips	: 3600.00
clflush size	: 64
cache_alignment	: 64
address sizes	: 39 bits physical, 48 bits virtual
power management:

processor	: 2
vendor_id	: GenuineIntel
cpu family	: 6
model		: 142
model name	: Intel(R) Core(TM) i5-8265U CPU @ 1.60GHz
stepping	: 12
microcode	: 0xca
cpu MHz		: 1598.583
cache size	: 6144 KB
physical id	: 0
siblings	: 8
core id		: 2
cpu cores	: 4
apicid		: 4
initial apicid	: 4
fpu		: yes
fpu_exception	: yes
cpuid level	: 22
wp		: yes
flags		: fpu vme de pse tsc msr pae mce cx8 apic sep mtrr pge mca cmov pat pse36 clflush dts acpi mmx fxsr sse sse2 ss ht tm pbe syscall nx pdpe1gb rdtscp lm constant_tsc art arch_perfmon pebs bts rep_good nopl xtopology nonstop_tsc cpuid aperfmperf tsc_known_freq pni pclmulqdq dtes64 monitor ds_cpl vmx est tm2 ssse3 sdbg fma cx16 xtpr pdcm pcid sse4_1 sse4_2 x2apic movbe popcnt tsc_deadline_timer aes xsave avx f16c rdrand lahf_lm abm 3dnowprefetch cpuid_fault epb invpcid_single ssbd ibrs ibpb stibp ibrs_enhanced tpr_shadow vnmi flexpriority ept vpid ept_ad fsgsbase tsc_adjust bmi1 avx2 smep bmi2 erms invpcid mpx rdseed adx smap clflushopt intel_pt xsaveopt xsavec xgetbv1 xsaves dtherm ida arat pln pts hwp hwp_notify hwp_act_window hwp_epp md_clear flush_l1d arch_capabilities
bugs		: spectre_v1 spectre_v2 spec_store_bypass swapgs
bogomips	: 3600.00
clflush size	: 64
cache_alignment	: 64
address sizes	: 39 bits physical, 48 bits virtual
power management:

processor	: 3
vendor_id	: GenuineIntel
cpu family	: 6
model		: 142
model name	: Intel(R) Core(TM) i5-8265U CPU @ 1.60GHz
stepping	: 12
microcode	: 0xca
cpu MHz		: 1599.773
cache size	: 6144 KB
physical id	: 0
siblings	: 8
core id		: 3
cpu cores	: 4
apicid		: 6
initial apicid	: 6
fpu		: yes
fpu_exception	: yes
cpuid level	: 22
wp		: yes
flags		: fpu vme de pse tsc msr pae mce cx8 apic sep mtrr pge mca cmov pat pse36 clflush dts acpi mmx fxsr sse sse2 ss ht tm pbe syscall nx pdpe1gb rdtscp lm constant_tsc art arch_perfmon pebs bts rep_good nopl xtopology nonstop_tsc cpuid aperfmperf tsc_known_freq pni pclmulqdq dtes64 monitor ds_cpl vmx est tm2 ssse3 sdbg fma cx16 xtpr pdcm pcid sse4_1 sse4_2 x2apic movbe popcnt tsc_deadline_timer aes xsave avx f16c rdrand lahf_lm abm 3dnowprefetch cpuid_fault epb invpcid_single ssbd ibrs ibpb stibp ibrs_enhanced tpr_shadow vnmi flexpriority ept vpid ept_ad fsgsbase tsc_adjust bmi1 avx2 smep bmi2 erms invpcid mpx rdseed adx smap clflushopt intel_pt xsaveopt xsavec xgetbv1 xsaves dtherm ida arat pln pts hwp hwp_notify hwp_act_window hwp_epp md_clear flush_l1d arch_capabilities
bugs		: spectre_v1 spectre_v2 spec_store_bypass swapgs
bogomips	: 3600.00
clflush size	: 64
cache_alignment	: 64
address sizes	: 39 bits physical, 48 bits virtual
power management:

processor	: 4
vendor_id	: GenuineIntel
cpu family	: 6
model		: 142
model name	: Intel(R) Core(TM) i5-8265U CPU @ 1.60GHz
stepping	: 12
microcode	: 0xca
cpu MHz		: 1540.362
cache size	: 6144 KB
physical id	: 0
siblings	: 8
core id		: 0
cpu cores	: 4
apicid		: 1
initial apicid	: 1
fpu		: yes
fpu_exception	: yes
cpuid level	: 22
wp		: yes
flags		: fpu vme de pse tsc msr pae mce cx8 apic sep mtrr pge mca cmov pat pse36 clflush dts acpi mmx fxsr sse sse2 ss ht tm pbe syscall nx pdpe1gb rdtscp lm constant_tsc art arch_perfmon pebs bts rep_good nopl xtopology nonstop_tsc cpuid aperfmperf tsc_known_freq pni pclmulqdq dtes64 monitor ds_cpl vmx est tm2 ssse3 sdbg fma cx16 xtpr pdcm pcid sse4_1 sse4_2 x2apic movbe popcnt tsc_deadline_timer aes xsave avx f16c rdrand lahf_lm abm 3dnowprefetch cpuid_fault epb invpcid_single ssbd ibrs ibpb stibp ibrs_enhanced tpr_shadow vnmi flexpriority ept vpid ept_ad fsgsbase tsc_adjust bmi1 avx2 smep bmi2 erms invpcid mpx rdseed adx smap clflushopt intel_pt xsaveopt xsavec xgetbv1 xsaves dtherm ida arat pln pts hwp hwp_notify hwp_act_window hwp_epp md_clear flush_l1d arch_capabilities
bugs		: spectre_v1 spectre_v2 spec_store_bypass swapgs
bogomips	: 3600.00
clflush size	: 64
cache_alignment	: 64
address sizes	: 39 bits physical, 48 bits virtual
power management:

processor	: 5
vendor_id	: GenuineIntel
cpu family	: 6
model		: 142
model name	: Intel(R) Core(TM) i5-8265U CPU @ 1.60GHz
stepping	: 12
microcode	: 0xca
cpu MHz		: 1599.474
cache size	: 6144 KB
physical id	: 0
siblings	: 8
core id		: 1
cpu cores	: 4
apicid		: 3
initial apicid	: 3
fpu		: yes
fpu_exception	: yes
cpuid level	: 22
wp		: yes
flags		: fpu vme de pse tsc msr pae mce cx8 apic sep mtrr pge mca cmov pat pse36 clflush dts acpi mmx fxsr sse sse2 ss ht tm pbe syscall nx pdpe1gb rdtscp lm constant_tsc art arch_perfmon pebs bts rep_good nopl xtopology nonstop_tsc cpuid aperfmperf tsc_known_freq pni pclmulqdq dtes64 monitor ds_cpl vmx est tm2 ssse3 sdbg fma cx16 xtpr pdcm pcid sse4_1 sse4_2 x2apic movbe popcnt tsc_deadline_timer aes xsave avx f16c rdrand lahf_lm abm 3dnowprefetch cpuid_fault epb invpcid_single ssbd ibrs ibpb stibp ibrs_enhanced tpr_shadow vnmi flexpriority ept vpid ept_ad fsgsbase tsc_adjust bmi1 avx2 smep bmi2 erms invpcid mpx rdseed adx smap clflushopt intel_pt xsaveopt xsavec xgetbv1 xsaves dtherm ida arat pln pts hwp hwp_notify hwp_act_window hwp_epp md_clear flush_l1d arch_capabilities
bugs		: spectre_v1 spectre_v2 spec_store_bypass swapgs
bogomips	: 3600.00
clflush size	: 64
cache_alignment	: 64
address sizes	: 39 bits physical, 48 bits virtual
power management:

processor	: 6
vendor_id	: GenuineIntel
cpu family	: 6
model		: 142
model name	: Intel(R) Core(TM) i5-8265U CPU @ 1.60GHz
stepping	: 12
microcode	: 0xca
cpu MHz		: 1583.531
cache size	: 6144 KB
physical id	: 0
siblings	: 8
core id		: 2
cpu cores	: 4
apicid		: 5
initial apicid	: 5
fpu		: yes
fpu_exception	: yes
cpuid level	: 22
wp		: yes
flags		: fpu vme de pse tsc msr pae mce cx8 apic sep mtrr pge mca cmov pat pse36 clflush dts acpi mmx fxsr sse sse2 ss ht tm pbe syscall nx pdpe1gb rdtscp lm constant_tsc art arch_perfmon pebs bts rep_good nopl xtopology nonstop_tsc cpuid aperfmperf tsc_known_freq pni pclmulqdq dtes64 monitor ds_cpl vmx est tm2 ssse3 sdbg fma cx16 xtpr pdcm pcid sse4_1 sse4_2 x2apic movbe popcnt tsc_deadline_timer aes xsave avx f16c rdrand lahf_lm abm 3dnowprefetch cpuid_fault epb invpcid_single ssbd ibrs ibpb stibp ibrs_enhanced tpr_shadow vnmi flexpriority ept vpid ept_ad fsgsbase tsc_adjust bmi1 avx2 smep bmi2 erms invpcid mpx rdseed adx smap clflushopt intel_pt xsaveopt xsavec xgetbv1 xsaves dtherm ida arat pln pts hwp hwp_notify hwp_act_window hwp_epp md_clear flush_l1d arch_capabilities
bugs		: spectre_v1 spectre_v2 spec_store_bypass swapgs
bogomips	: 3600.00
clflush size	: 64
cache_alignment	: 64
address sizes	: 39 bits physical, 48 bits virtual
power management:

processor	: 7
vendor_id	: GenuineIntel
cpu family	: 6
model		: 142
model name	: Intel(R) Core(TM) i5-8265U CPU @ 1.60GHz
stepping	: 12
microcode	: 0xca
cpu MHz		: 1598.754
cache size	: 6144 KB
physical id	: 0
siblings	: 8
core id		: 3
cpu cores	: 4
apicid		: 7
initial apicid	: 7
fpu		: yes
fpu_exception	: yes
cpuid level	: 22
wp		: yes
flags		: fpu vme de pse tsc msr pae mce cx8 apic sep mtrr pge mca cmov pat pse36 clflush dts acpi mmx fxsr sse sse2 ss ht tm pbe syscall nx pdpe1gb rdtscp lm constant_tsc art arch_perfmon pebs bts rep_good nopl xtopology nonstop_tsc cpuid aperfmperf tsc_known_freq pni pclmulqdq dtes64 monitor ds_cpl vmx est tm2 ssse3 sdbg fma cx16 xtpr pdcm pcid sse4_1 sse4_2 x2apic movbe popcnt tsc_deadline_timer aes xsave avx f16c rdrand lahf_lm abm 3dnowprefetch cpuid_fault epb invpcid_single ssbd ibrs ibpb stibp ibrs_enhanced tpr_shadow vnmi flexpriority ept vpid ept_ad fsgsbase tsc_adjust bmi1 avx2 smep bmi2 erms invpcid mpx rdseed adx smap clflushopt intel_pt xsaveopt xsavec xgetbv1 xsaves dtherm ida arat pln pts hwp hwp_notify hwp_act_window hwp_epp md_clear flush_l1d arch_capabilities
bugs		: spectre_v1 spectre_v2 spec_store_bypass swapgs
bogomips	: 3600.00
clflush size	: 64
cache_alignment	: 64
address sizes	: 39 bits physical, 48 bits virtual
power management:



Memory: 4k page, physical 7879240k(472108k free), swap 2097148k(1806588k free)

vm_info: Dynamic Code Evolution 64-Bit Server VM (25.71-b01-dcevmlight-26) for linux-amd64 JRE (1.8.0), built on Jul 31 2018 03:41:35 by "jenkins" with gcc 4.4.7 20120313 (Red Hat 4.4.7-4)

time: Sun Sep 27 15:31:12 2020
elapsed time: 8 seconds (0d 0h 0m 8s)

